Sat Mar 23 09:43:31 Saved as file C:\DOCUMENTS AND SETTINGS\TASOS\MY DOCUMENTS\LSESSION1\DESIGN1.MAX
Sat Mar 23 09:43:31 Saved as file BACKUP1.MAX
Sat Mar 23 09:43:31 Saved as file C:\DOCUMENTS AND SETTINGS\TASOS\MY DOCUMENTS\LSESSION1\DESIGN1.MAX
Sat Mar 23 09:43:32 UserDiv from Layout.INI for AutoECO: 60
Sat Mar 23 09:43:32 Loaded file C:\DOCUMENTS AND SETTINGS\TASOS\MY DOCUMENTS\LSESSION1\DESIGN1.MAX
Sat Mar 23 09:43:32 Loaded file C:\ORCADWIN\LAYOUT\LIBRARY\TO.LLB
Sat Mar 23 09:43:32 Loaded file C:\ORCADWIN\LAYOUT\LIBRARY\SOJ.LLB
Sat Mar 23 09:43:32 Loaded file C:\ORCADWIN\LAYOUT\LIBRARY\DIP100T.LLB
Sat Mar 23 09:43:32 Loaded file C:\ORCADWIN\LAYOUT\LIBRARY\DIP100B.LLB
Sat Mar 23 09:43:32 Loaded file C:\ORCADWIN\LAYOUT\LIBRARY\DSUBT.LLB
Sat Mar 23 09:43:32 Loaded file C:\ORCADWIN\LAYOUT\LIBRARY\JUMPER.LLB
Sat Mar 23 09:43:32 Loaded file C:\ORCADWIN\LAYOUT\LIBRARY\SM.LLB
Sat Mar 23 09:43:32 Loaded file C:\ORCADWIN\LAYOUT\LIBRARY\TM_CAP_P.LLB
Sat Mar 23 09:43:32 Loaded file C:\ORCADWIN\LAYOUT\library\sheet05.llb
Sat Mar 23 09:43:32 Loaded file C:\ORCADWIN\LAYOUT\LIBRARY\TO.LLB
Sat Mar 23 09:43:32 Loaded file C:\ORCADWIN\LAYOUT\LIBRARY\SOJ.LLB
Sat Mar 23 09:43:32 Loaded file C:\ORCADWIN\LAYOUT\LIBRARY\DIP100T.LLB
Sat Mar 23 09:43:32 Loaded file C:\ORCADWIN\LAYOUT\LIBRARY\DIP100B.LLB
Sat Mar 23 09:43:32 Loaded file C:\ORCADWIN\LAYOUT\LIBRARY\DSUBT.LLB
Sat Mar 23 09:43:32 Loaded file C:\ORCADWIN\LAYOUT\LIBRARY\JUMPER.LLB
Sat Mar 23 09:43:32 Loaded file C:\ORCADWIN\LAYOUT\LIBRARY\SM.LLB
Sat Mar 23 09:43:32 Loaded file C:\ORCADWIN\LAYOUT\LIBRARY\TM_CAP_P.LLB
Sat Mar 23 09:43:32 Loaded file C:\ORCADWIN\LAYOUT\library\sheet05.llb
Sat Mar 23 09:43:32 Unable to find Alternate Footprint: SOG.050/14/WG.244/L.375
Sat Mar 23 09:43:32 Loaded file C:\ORCADWIN\LAYOUT\LIBRARY\DIP100T.LLB
Sat Mar 23 09:43:32 Loaded file C:\ORCADWIN\LAYOUT\LIBRARY\TO.LLB
Sat Mar 23 09:43:32 Loaded file C:\ORCADWIN\LAYOUT\LIBRARY\SOJ.LLB
Sat Mar 23 09:43:32 Loaded file C:\ORCADWIN\LAYOUT\LIBRARY\DIP100T.LLB
Sat Mar 23 09:43:32 Loaded file C:\ORCADWIN\LAYOUT\LIBRARY\DIP100B.LLB
Sat Mar 23 09:43:32 Loaded file C:\ORCADWIN\LAYOUT\LIBRARY\DSUBT.LLB
Sat Mar 23 09:43:32 Loaded file C:\ORCADWIN\LAYOUT\LIBRARY\JUMPER.LLB
Sat Mar 23 09:43:32 Loaded file C:\ORCADWIN\LAYOUT\LIBRARY\SM.LLB
Sat Mar 23 09:43:32 Loaded file C:\ORCADWIN\LAYOUT\LIBRARY\TM_CAP_P.LLB
Sat Mar 23 09:43:32 Loaded file C:\ORCADWIN\LAYOUT\library\sheet05.llb
Sat Mar 23 09:43:32 Unable to find Alternate Footprint: SOG.050/14/WG.244/L.375
Sat Mar 23 09:43:32 Loaded file C:\ORCADWIN\LAYOUT\LIBRARY\TO.LLB
Sat Mar 23 09:43:32 Loaded file C:\ORCADWIN\LAYOUT\LIBRARY\SOJ.LLB
Sat Mar 23 09:43:32 Loaded file C:\ORCADWIN\LAYOUT\LIBRARY\DIP100T.LLB
Sat Mar 23 09:43:32 Loaded file C:\ORCADWIN\LAYOUT\LIBRARY\DIP100B.LLB
Sat Mar 23 09:43:32 Loaded file C:\ORCADWIN\LAYOUT\LIBRARY\DSUBT.LLB
Sat Mar 23 09:43:32 Loaded file C:\ORCADWIN\LAYOUT\LIBRARY\JUMPER.LLB
Sat Mar 23 09:43:32 Loaded file C:\ORCADWIN\LAYOUT\LIBRARY\SM.LLB
Sat Mar 23 09:43:32 Loaded file C:\ORCADWIN\LAYOUT\LIBRARY\TM_CAP_P.LLB
Sat Mar 23 09:43:32 Loaded file C:\ORCADWIN\LAYOUT\library\sheet05.llb
Sat Mar 23 09:43:32 Unable to find Alternate Footprint: SOG.050/14/WG.244/L.375
Sat Mar 23 09:43:32 Loaded file C:\ORCADWIN\LAYOUT\LIBRARY\TO.LLB
Sat Mar 23 09:43:32 Loaded file C:\ORCADWIN\LAYOUT\LIBRARY\SOJ.LLB
Sat Mar 23 09:43:32 Loaded file C:\ORCADWIN\LAYOUT\LIBRARY\DIP100T.LLB
Sat Mar 23 09:43:32 Loaded file C:\ORCADWIN\LAYOUT\LIBRARY\DIP100B.LLB
Sat Mar 23 09:43:32 Loaded file C:\ORCADWIN\LAYOUT\LIBRARY\DSUBT.LLB
Sat Mar 23 09:43:32 Loaded file C:\ORCADWIN\LAYOUT\LIBRARY\JUMPER.LLB
Sat Mar 23 09:43:32 Loaded file C:\ORCADWIN\LAYOUT\LIBRARY\SM.LLB
Sat Mar 23 09:43:32 Loaded file C:\ORCADWIN\LAYOUT\LIBRARY\TM_CAP_P.LLB
Sat Mar 23 09:43:32 Loaded file C:\ORCADWIN\LAYOUT\library\sheet05.llb
Sat Mar 23 09:43:32 Unable to find Alternate Footprint: SOG.050/14/WG.244/L.375
Sat Mar 23 09:43:32 Loaded file C:\ORCADWIN\LAYOUT\LIBRARY\TO.LLB
Sat Mar 23 09:43:32 Loaded file C:\ORCADWIN\LAYOUT\LIBRARY\SOJ.LLB
Sat Mar 23 09:43:32 Loaded file C:\ORCADWIN\LAYOUT\LIBRARY\DIP100T.LLB
Sat Mar 23 09:43:32 Loaded file C:\ORCADWIN\LAYOUT\LIBRARY\DIP100B.LLB
Sat Mar 23 09:43:32 Loaded file C:\ORCADWIN\LAYOUT\LIBRARY\DSUBT.LLB
Sat Mar 23 09:43:32 Loaded file C:\ORCADWIN\LAYOUT\LIBRARY\JUMPER.LLB
Sat Mar 23 09:43:32 Loaded file C:\ORCADWIN\LAYOUT\LIBRARY\SM.LLB
Sat Mar 23 09:43:32 Loaded file C:\ORCADWIN\LAYOUT\LIBRARY\TM_CAP_P.LLB
Sat Mar 23 09:43:32 Loaded file C:\ORCADWIN\LAYOUT\library\sheet05.llb
Sat Mar 23 09:43:32 Unable to find Alternate Footprint: SOG.050/14/WG.244/L.375
Sat Mar 23 09:43:32 Loaded file C:\ORCADWIN\LAYOUT\LIBRARY\TO.LLB
Sat Mar 23 09:43:32 Loaded file C:\ORCADWIN\LAYOUT\LIBRARY\SOJ.LLB
Sat Mar 23 09:43:32 Loaded file C:\ORCADWIN\LAYOUT\LIBRARY\DIP100T.LLB
Sat Mar 23 09:43:32 Loaded file C:\ORCADWIN\LAYOUT\LIBRARY\DIP100B.LLB
Sat Mar 23 09:43:32 Loaded file C:\ORCADWIN\LAYOUT\LIBRARY\DSUBT.LLB
Sat Mar 23 09:43:32 Loaded file C:\ORCADWIN\LAYOUT\LIBRARY\JUMPER.LLB
Sat Mar 23 09:43:32 Loaded file C:\ORCADWIN\LAYOUT\LIBRARY\SM.LLB
Sat Mar 23 09:43:32 Loaded file C:\ORCADWIN\LAYOUT\LIBRARY\TM_CAP_P.LLB
Sat Mar 23 09:43:32 Loaded file C:\ORCADWIN\LAYOUT\library\sheet05.llb
Sat Mar 23 09:43:32 Unable to find Alternate Footprint: SOG.050/14/WG.244/L.375
Sat Mar 23 09:43:32 Loaded file C:\ORCADWIN\LAYOUT\LIBRARY\TO.LLB
Sat Mar 23 09:43:32 Loaded file C:\ORCADWIN\LAYOUT\LIBRARY\SOJ.LLB
Sat Mar 23 09:43:32 Loaded file C:\ORCADWIN\LAYOUT\LIBRARY\DIP100T.LLB
Sat Mar 23 09:43:32 Loaded file C:\ORCADWIN\LAYOUT\LIBRARY\DIP100B.LLB
Sat Mar 23 09:43:32 Loaded file C:\ORCADWIN\LAYOUT\LIBRARY\DSUBT.LLB
Sat Mar 23 09:43:32 Loaded file C:\ORCADWIN\LAYOUT\LIBRARY\JUMPER.LLB
Sat Mar 23 09:43:32 Loaded file C:\ORCADWIN\LAYOUT\LIBRARY\SM.LLB
Sat Mar 23 09:43:32 Loaded file C:\ORCADWIN\LAYOUT\LIBRARY\TM_CAP_P.LLB
Sat Mar 23 09:43:32 Loaded file C:\ORCADWIN\LAYOUT\library\sheet05.llb
Sat Mar 23 09:43:32 Unable to find Alternate Footprint: SOG.050/14/WG.244/L.375
Sat Mar 23 09:43:32 Loaded file C:\ORCADWIN\LAYOUT\LIBRARY\TO.LLB
Sat Mar 23 09:43:32 Loaded file C:\ORCADWIN\LAYOUT\LIBRARY\SOJ.LLB
Sat Mar 23 09:43:32 Loaded file C:\ORCADWIN\LAYOUT\LIBRARY\DIP100T.LLB
Sat Mar 23 09:43:32 Loaded file C:\ORCADWIN\LAYOUT\LIBRARY\DIP100B.LLB
Sat Mar 23 09:43:32 Loaded file C:\ORCADWIN\LAYOUT\LIBRARY\DSUBT.LLB
Sat Mar 23 09:43:32 Loaded file C:\ORCADWIN\LAYOUT\LIBRARY\JUMPER.LLB
Sat Mar 23 09:43:32 Loaded file C:\ORCADWIN\LAYOUT\LIBRARY\SM.LLB
Sat Mar 23 09:43:32 Loaded file C:\ORCADWIN\LAYOUT\LIBRARY\TM_CAP_P.LLB
Sat Mar 23 09:43:32 Loaded file C:\ORCADWIN\LAYOUT\library\sheet05.llb
Sat Mar 23 09:43:32 Unable to find Alternate Footprint: SOG.050/14/WG.244/L.375
Sat Mar 23 09:43:32 Loaded file C:\ORCADWIN\LAYOUT\LIBRARY\TO.LLB
Sat Mar 23 09:43:32 Loaded file C:\ORCADWIN\LAYOUT\LIBRARY\SOJ.LLB
Sat Mar 23 09:43:32 Loaded file C:\ORCADWIN\LAYOUT\LIBRARY\DIP100T.LLB
Sat Mar 23 09:43:32 Loaded file C:\ORCADWIN\LAYOUT\LIBRARY\DIP100B.LLB
Sat Mar 23 09:43:32 Loaded file C:\ORCADWIN\LAYOUT\LIBRARY\DSUBT.LLB
Sat Mar 23 09:43:32 Loaded file C:\ORCADWIN\LAYOUT\LIBRARY\JUMPER.LLB
Sat Mar 23 09:43:32 Loaded file C:\ORCADWIN\LAYOUT\LIBRARY\SM.LLB
Sat Mar 23 09:43:32 Loaded file C:\ORCADWIN\LAYOUT\LIBRARY\TM_CAP_P.LLB
Sat Mar 23 09:43:32 Loaded file C:\ORCADWIN\LAYOUT\library\sheet05.llb
Sat Mar 23 09:43:32 Unable to find Alternate Footprint: SOG.050/14/WG.244/L.375
Sat Mar 23 09:43:32 Loaded file C:\ORCADWIN\LAYOUT\LIBRARY\TO.LLB
Sat Mar 23 09:43:32 Loaded file C:\ORCADWIN\LAYOUT\LIBRARY\SOJ.LLB
Sat Mar 23 09:43:32 Loaded file C:\ORCADWIN\LAYOUT\LIBRARY\DIP100T.LLB
Sat Mar 23 09:43:32 Loaded file C:\ORCADWIN\LAYOUT\LIBRARY\DIP100B.LLB
Sat Mar 23 09:43:32 Loaded file C:\ORCADWIN\LAYOUT\LIBRARY\DSUBT.LLB
Sat Mar 23 09:43:32 Loaded file C:\ORCADWIN\LAYOUT\LIBRARY\JUMPER.LLB
Sat Mar 23 09:43:32 Loaded file C:\ORCADWIN\LAYOUT\LIBRARY\SM.LLB
Sat Mar 23 09:43:32 Loaded file C:\ORCADWIN\LAYOUT\LIBRARY\TM_CAP_P.LLB
Sat Mar 23 09:43:32 Loaded file C:\ORCADWIN\LAYOUT\library\sheet05.llb
Sat Mar 23 09:43:32 Unable to find Alternate Footprint: SOG.050/14/WG.244/L.375
Sat Mar 23 09:43:32 Loaded file C:\ORCADWIN\LAYOUT\LIBRARY\TO.LLB
Sat Mar 23 09:43:32 Loaded file C:\ORCADWIN\LAYOUT\LIBRARY\SOJ.LLB
Sat Mar 23 09:43:32 Loaded file C:\ORCADWIN\LAYOUT\LIBRARY\DIP100T.LLB
Sat Mar 23 09:43:32 Loaded file C:\ORCADWIN\LAYOUT\LIBRARY\DIP100B.LLB
Sat Mar 23 09:43:32 Loaded file C:\ORCADWIN\LAYOUT\LIBRARY\DSUBT.LLB
Sat Mar 23 09:43:32 Loaded file C:\ORCADWIN\LAYOUT\LIBRARY\JUMPER.LLB
Sat Mar 23 09:43:32 Loaded file C:\ORCADWIN\LAYOUT\LIBRARY\SM.LLB
Sat Mar 23 09:43:32 Loaded file C:\ORCADWIN\LAYOUT\LIBRARY\TM_CAP_P.LLB
Sat Mar 23 09:43:32 Loaded file C:\ORCADWIN\LAYOUT\library\sheet05.llb
Sat Mar 23 09:43:32 Unable to find Alternate Footprint: SOG.050/14/WG.244/L.375
Sat Mar 23 09:43:32 Loaded file C:\ORCADWIN\LAYOUT\LIBRARY\TO.LLB
Sat Mar 23 09:43:32 Loaded file C:\ORCADWIN\LAYOUT\LIBRARY\SOJ.LLB
Sat Mar 23 09:43:32 Loaded file C:\ORCADWIN\LAYOUT\LIBRARY\DIP100T.LLB
Sat Mar 23 09:43:32 Loaded file C:\ORCADWIN\LAYOUT\LIBRARY\DIP100B.LLB
Sat Mar 23 09:43:32 Loaded file C:\ORCADWIN\LAYOUT\LIBRARY\DSUBT.LLB
Sat Mar 23 09:43:32 Loaded file C:\ORCADWIN\LAYOUT\LIBRARY\JUMPER.LLB
Sat Mar 23 09:43:32 Loaded file C:\ORCADWIN\LAYOUT\LIBRARY\SM.LLB
Sat Mar 23 09:43:32 Loaded file C:\ORCADWIN\LAYOUT\LIBRARY\TM_CAP_P.LLB
Sat Mar 23 09:43:32 Loaded file C:\ORCADWIN\LAYOUT\library\sheet05.llb
Sat Mar 23 09:43:32 Unable to find Alternate Footprint: SOG.050/14/WG.244/L.375
Sat Mar 23 09:43:32 Loaded file C:\ORCADWIN\LAYOUT\LIBRARY\TO.LLB
Sat Mar 23 09:43:32 Loaded file C:\ORCADWIN\LAYOUT\LIBRARY\SOJ.LLB
Sat Mar 23 09:43:32 Loaded file C:\ORCADWIN\LAYOUT\LIBRARY\DIP100T.LLB
Sat Mar 23 09:43:32 Loaded file C:\ORCADWIN\LAYOUT\LIBRARY\DIP100B.LLB
Sat Mar 23 09:43:32 Loaded file C:\ORCADWIN\LAYOUT\LIBRARY\DSUBT.LLB
Sat Mar 23 09:43:32 Loaded file C:\ORCADWIN\LAYOUT\LIBRARY\JUMPER.LLB
Sat Mar 23 09:43:32 Loaded file C:\ORCADWIN\LAYOUT\LIBRARY\SM.LLB
Sat Mar 23 09:43:32 Loaded file C:\ORCADWIN\LAYOUT\LIBRARY\TM_CAP_P.LLB
Sat Mar 23 09:43:32 Loaded file C:\ORCADWIN\LAYOUT\library\sheet05.llb
Sat Mar 23 09:43:32 Unable to find Alternate Footprint: SOG.050/14/WG.244/L.375
Sat Mar 23 09:43:32 Loaded file C:\ORCADWIN\LAYOUT\LIBRARY\TO.LLB
Sat Mar 23 09:43:32 Loaded file C:\ORCADWIN\LAYOUT\LIBRARY\SOJ.LLB
Sat Mar 23 09:43:32 Loaded file C:\ORCADWIN\LAYOUT\LIBRARY\DIP100T.LLB
Sat Mar 23 09:43:32 Loaded file C:\ORCADWIN\LAYOUT\LIBRARY\DIP100B.LLB
Sat Mar 23 09:43:32 Loaded file C:\ORCADWIN\LAYOUT\LIBRARY\DSUBT.LLB
Sat Mar 23 09:43:32 Loaded file C:\ORCADWIN\LAYOUT\LIBRARY\JUMPER.LLB
Sat Mar 23 09:43:32 Loaded file C:\ORCADWIN\LAYOUT\LIBRARY\SM.LLB
Sat Mar 23 09:43:32 Loaded file C:\ORCADWIN\LAYOUT\LIBRARY\TM_CAP_P.LLB
Sat Mar 23 09:43:32 Loaded file C:\ORCADWIN\LAYOUT\library\sheet05.llb
Sat Mar 23 09:43:32 Unable to find Alternate Footprint: SOG.050/14/WG.244/L.375
Sat Mar 23 09:43:32 Loaded file C:\ORCADWIN\LAYOUT\LIBRARY\TO.LLB
Sat Mar 23 09:43:32 Loaded file C:\ORCADWIN\LAYOUT\LIBRARY\SOJ.LLB
Sat Mar 23 09:43:32 Loaded file C:\ORCADWIN\LAYOUT\LIBRARY\DIP100T.LLB
Sat Mar 23 09:43:32 Loaded file C:\ORCADWIN\LAYOUT\LIBRARY\DIP100B.LLB
Sat Mar 23 09:43:32 Loaded file C:\ORCADWIN\LAYOUT\LIBRARY\DSUBT.LLB
Sat Mar 23 09:43:32 Loaded file C:\ORCADWIN\LAYOUT\LIBRARY\JUMPER.LLB
Sat Mar 23 09:43:32 Loaded file C:\ORCADWIN\LAYOUT\LIBRARY\SM.LLB
Sat Mar 23 09:43:32 Loaded file C:\ORCADWIN\LAYOUT\LIBRARY\TM_CAP_P.LLB
Sat Mar 23 09:43:32 Loaded file C:\ORCADWIN\LAYOUT\library\sheet05.llb
Sat Mar 23 09:43:32 Unable to find Alternate Footprint: SOG.050/14/WG.244/L.375
Sat Mar 23 09:43:32 Loaded file C:\ORCADWIN\LAYOUT\LIBRARY\TO.LLB
Sat Mar 23 09:43:32 Loaded file C:\ORCADWIN\LAYOUT\LIBRARY\SOJ.LLB
Sat Mar 23 09:43:32 Loaded file C:\ORCADWIN\LAYOUT\LIBRARY\DIP100T.LLB
Sat Mar 23 09:43:32 Loaded file C:\ORCADWIN\LAYOUT\LIBRARY\DIP100B.LLB
Sat Mar 23 09:43:32 Loaded file C:\ORCADWIN\LAYOUT\LIBRARY\DSUBT.LLB
Sat Mar 23 09:43:32 Loaded file C:\ORCADWIN\LAYOUT\LIBRARY\JUMPER.LLB
Sat Mar 23 09:43:32 Loaded file C:\ORCADWIN\LAYOUT\LIBRARY\SM.LLB
Sat Mar 23 09:43:32 Loaded file C:\ORCADWIN\LAYOUT\LIBRARY\TM_CAP_P.LLB
Sat Mar 23 09:43:32 Loaded file C:\ORCADWIN\LAYOUT\library\sheet05.llb
Sat Mar 23 09:43:32 Unable to find Alternate Footprint: SOG.050/14/WG.244/L.375
Sat Mar 23 09:43:32 Loaded file C:\ORCADWIN\LAYOUT\LIBRARY\TO.LLB
Sat Mar 23 09:43:32 Loaded file C:\ORCADWIN\LAYOUT\LIBRARY\SOJ.LLB
Sat Mar 23 09:43:32 Loaded file C:\ORCADWIN\LAYOUT\LIBRARY\DIP100T.LLB
Sat Mar 23 09:43:32 Loaded file C:\ORCADWIN\LAYOUT\LIBRARY\DIP100B.LLB
Sat Mar 23 09:43:32 Loaded file C:\ORCADWIN\LAYOUT\LIBRARY\DSUBT.LLB
Sat Mar 23 09:43:32 Loaded file C:\ORCADWIN\LAYOUT\LIBRARY\JUMPER.LLB
Sat Mar 23 09:43:32 Loaded file C:\ORCADWIN\LAYOUT\LIBRARY\SM.LLB
Sat Mar 23 09:43:32 Loaded file C:\ORCADWIN\LAYOUT\LIBRARY\TM_CAP_P.LLB
Sat Mar 23 09:43:32 Loaded file C:\ORCADWIN\LAYOUT\library\sheet05.llb
Sat Mar 23 09:43:32 Unable to find Alternate Footprint: SOG.050/14/WG.244/L.375
Sat Mar 23 09:43:32 Loaded file C:\ORCADWIN\LAYOUT\LIBRARY\TO.LLB
Sat Mar 23 09:43:32 Loaded file C:\ORCADWIN\LAYOUT\LIBRARY\SOJ.LLB
Sat Mar 23 09:43:32 Loaded file C:\ORCADWIN\LAYOUT\LIBRARY\DIP100T.LLB
Sat Mar 23 09:43:32 Loaded file C:\ORCADWIN\LAYOUT\LIBRARY\DIP100B.LLB
Sat Mar 23 09:43:32 Loaded file C:\ORCADWIN\LAYOUT\LIBRARY\DSUBT.LLB
Sat Mar 23 09:43:32 Loaded file C:\ORCADWIN\LAYOUT\LIBRARY\JUMPER.LLB
Sat Mar 23 09:43:32 Loaded file C:\ORCADWIN\LAYOUT\LIBRARY\SM.LLB
Sat Mar 23 09:43:32 Loaded file C:\ORCADWIN\LAYOUT\LIBRARY\TM_CAP_P.LLB
Sat Mar 23 09:43:32 Loaded file C:\ORCADWIN\LAYOUT\library\sheet05.llb
Sat Mar 23 09:43:32 Unable to find Alternate Footprint: SOG.050/14/WG.244/L.375
Sat Mar 23 09:43:32 Loaded file C:\ORCADWIN\LAYOUT\LIBRARY\TO.LLB
Sat Mar 23 09:43:32 Loaded file C:\ORCADWIN\LAYOUT\LIBRARY\SOJ.LLB
Sat Mar 23 09:43:32 Loaded file C:\ORCADWIN\LAYOUT\LIBRARY\DIP100T.LLB
Sat Mar 23 09:43:32 Loaded file C:\ORCADWIN\LAYOUT\LIBRARY\DIP100B.LLB
Sat Mar 23 09:43:32 Loaded file C:\ORCADWIN\LAYOUT\LIBRARY\DSUBT.LLB
Sat Mar 23 09:43:32 Loaded file C:\ORCADWIN\LAYOUT\LIBRARY\JUMPER.LLB
Sat Mar 23 09:43:32 Loaded file C:\ORCADWIN\LAYOUT\LIBRARY\SM.LLB
Sat Mar 23 09:43:32 Loaded file C:\ORCADWIN\LAYOUT\LIBRARY\TM_CAP_P.LLB
Sat Mar 23 09:43:32 Loaded file C:\ORCADWIN\LAYOUT\library\sheet05.llb
Sat Mar 23 09:43:32 Unable to find Alternate Footprint: SOG.050/14/WG.244/L.375
Sat Mar 23 09:43:32 Loaded file C:\ORCADWIN\LAYOUT\LIBRARY\TO.LLB
Sat Mar 23 09:43:32 Loaded file C:\ORCADWIN\LAYOUT\LIBRARY\SOJ.LLB
Sat Mar 23 09:43:32 Loaded file C:\ORCADWIN\LAYOUT\LIBRARY\DIP100T.LLB
Sat Mar 23 09:43:32 Loaded file C:\ORCADWIN\LAYOUT\LIBRARY\DIP100B.LLB
Sat Mar 23 09:43:32 Loaded file C:\ORCADWIN\LAYOUT\LIBRARY\DSUBT.LLB
Sat Mar 23 09:43:32 Loaded file C:\ORCADWIN\LAYOUT\LIBRARY\JUMPER.LLB
Sat Mar 23 09:43:32 Loaded file C:\ORCADWIN\LAYOUT\LIBRARY\SM.LLB
Sat Mar 23 09:43:32 Loaded file C:\ORCADWIN\LAYOUT\LIBRARY\TM_CAP_P.LLB
Sat Mar 23 09:43:32 Loaded file C:\ORCADWIN\LAYOUT\library\sheet05.llb
Sat Mar 23 09:43:32 Unable to find Alternate Footprint: SOG.050/14/WG.244/L.375
Sat Mar 23 09:43:32 Loaded file C:\ORCADWIN\LAYOUT\LIBRARY\TO.LLB
Sat Mar 23 09:43:32 Loaded file C:\ORCADWIN\LAYOUT\LIBRARY\SOJ.LLB
Sat Mar 23 09:43:32 Loaded file C:\ORCADWIN\LAYOUT\LIBRARY\DIP100T.LLB
Sat Mar 23 09:43:32 Loaded file C:\ORCADWIN\LAYOUT\LIBRARY\DIP100B.LLB
Sat Mar 23 09:43:32 Loaded file C:\ORCADWIN\LAYOUT\LIBRARY\DSUBT.LLB
Sat Mar 23 09:43:32 Loaded file C:\ORCADWIN\LAYOUT\LIBRARY\JUMPER.LLB
Sat Mar 23 09:43:32 Loaded file C:\ORCADWIN\LAYOUT\LIBRARY\SM.LLB
Sat Mar 23 09:43:32 Loaded file C:\ORCADWIN\LAYOUT\LIBRARY\TM_CAP_P.LLB
Sat Mar 23 09:43:32 Loaded file C:\ORCADWIN\LAYOUT\library\sheet05.llb
Sat Mar 23 09:43:32 Unable to find Alternate Footprint: SOG.050/14/WG.244/L.375
Sat Mar 23 09:43:32 Loaded file C:\ORCADWIN\LAYOUT\LIBRARY\TO.LLB
Sat Mar 23 09:43:32 Loaded file C:\ORCADWIN\LAYOUT\LIBRARY\SOJ.LLB
Sat Mar 23 09:43:32 Loaded file C:\ORCADWIN\LAYOUT\LIBRARY\DIP100T.LLB
Sat Mar 23 09:43:32 Loaded file C:\ORCADWIN\LAYOUT\LIBRARY\DIP100B.LLB
Sat Mar 23 09:43:32 Loaded file C:\ORCADWIN\LAYOUT\LIBRARY\DSUBT.LLB
Sat Mar 23 09:43:32 Loaded file C:\ORCADWIN\LAYOUT\LIBRARY\JUMPER.LLB
Sat Mar 23 09:43:32 Loaded file C:\ORCADWIN\LAYOUT\LIBRARY\SM.LLB
Sat Mar 23 09:43:32 Loaded file C:\ORCADWIN\LAYOUT\LIBRARY\TM_CAP_P.LLB
Sat Mar 23 09:43:32 Loaded file C:\ORCADWIN\LAYOUT\library\sheet05.llb
Sat Mar 23 09:43:32 Unable to find Alternate Footprint: SOG.050/14/WG.244/L.375
Sat Mar 23 09:43:32 Loaded file C:\ORCADWIN\LAYOUT\LIBRARY\TO.LLB
Sat Mar 23 09:43:32 Loaded file C:\ORCADWIN\LAYOUT\LIBRARY\SOJ.LLB
Sat Mar 23 09:43:32 Loaded file C:\ORCADWIN\LAYOUT\LIBRARY\DIP100T.LLB
Sat Mar 23 09:43:32 Loaded file C:\ORCADWIN\LAYOUT\LIBRARY\DIP100B.LLB
Sat Mar 23 09:43:32 Loaded file C:\ORCADWIN\LAYOUT\LIBRARY\DSUBT.LLB
Sat Mar 23 09:43:32 Loaded file C:\ORCADWIN\LAYOUT\LIBRARY\JUMPER.LLB
Sat Mar 23 09:43:32 Loaded file C:\ORCADWIN\LAYOUT\LIBRARY\SM.LLB
Sat Mar 23 09:43:32 Loaded file C:\ORCADWIN\LAYOUT\LIBRARY\TM_CAP_P.LLB
Sat Mar 23 09:43:32 Loaded file C:\ORCADWIN\LAYOUT\library\sheet05.llb
Sat Mar 23 09:43:32 Unable to find Alternate Footprint: SOG.050/14/WG.244/L.375
Sat Mar 23 09:43:32 Loaded file C:\ORCADWIN\LAYOUT\LIBRARY\TO.LLB
Sat Mar 23 09:43:32 Loaded file C:\ORCADWIN\LAYOUT\LIBRARY\SOJ.LLB
Sat Mar 23 09:43:32 Loaded file C:\ORCADWIN\LAYOUT\LIBRARY\DIP100T.LLB
Sat Mar 23 09:43:32 Loaded file C:\ORCADWIN\LAYOUT\LIBRARY\DIP100B.LLB
Sat Mar 23 09:43:32 Loaded file C:\ORCADWIN\LAYOUT\LIBRARY\DSUBT.LLB
Sat Mar 23 09:43:32 Loaded file C:\ORCADWIN\LAYOUT\LIBRARY\JUMPER.LLB
Sat Mar 23 09:43:32 Loaded file C:\ORCADWIN\LAYOUT\LIBRARY\SM.LLB
Sat Mar 23 09:43:32 Loaded file C:\ORCADWIN\LAYOUT\LIBRARY\TM_CAP_P.LLB
Sat Mar 23 09:43:32 Loaded file C:\ORCADWIN\LAYOUT\library\sheet05.llb
Sat Mar 23 09:43:32 Unable to find Alternate Footprint: SOG.050/14/WG.244/L.375
Sat Mar 23 09:43:32 Loaded file C:\ORCADWIN\LAYOUT\LIBRARY\TO.LLB
Sat Mar 23 09:43:32 Loaded file C:\ORCADWIN\LAYOUT\LIBRARY\SOJ.LLB
Sat Mar 23 09:43:32 Loaded file C:\ORCADWIN\LAYOUT\LIBRARY\DIP100T.LLB
Sat Mar 23 09:43:32 Loaded file C:\ORCADWIN\LAYOUT\LIBRARY\DIP100B.LLB
Sat Mar 23 09:43:32 Loaded file C:\ORCADWIN\LAYOUT\LIBRARY\DSUBT.LLB
Sat Mar 23 09:43:32 Loaded file C:\ORCADWIN\LAYOUT\LIBRARY\JUMPER.LLB
Sat Mar 23 09:43:32 Loaded file C:\ORCADWIN\LAYOUT\LIBRARY\SM.LLB
Sat Mar 23 09:43:32 Loaded file C:\ORCADWIN\LAYOUT\LIBRARY\TM_CAP_P.LLB
Sat Mar 23 09:43:32 Loaded file C:\ORCADWIN\LAYOUT\library\sheet05.llb
Sat Mar 23 09:43:32 Unable to find Alternate Footprint: SOG.050/14/WG.244/L.375
Sat Mar 23 09:43:32 Loaded file C:\ORCADWIN\LAYOUT\LIBRARY\TO.LLB
Sat Mar 23 09:43:32 Loaded file C:\ORCADWIN\LAYOUT\LIBRARY\SOJ.LLB
Sat Mar 23 09:43:32 Loaded file C:\ORCADWIN\LAYOUT\LIBRARY\DIP100T.LLB
Sat Mar 23 09:43:32 Loaded file C:\ORCADWIN\LAYOUT\LIBRARY\DIP100B.LLB
Sat Mar 23 09:43:32 Loaded file C:\ORCADWIN\LAYOUT\LIBRARY\DSUBT.LLB
Sat Mar 23 09:43:32 Loaded file C:\ORCADWIN\LAYOUT\LIBRARY\JUMPER.LLB
Sat Mar 23 09:43:32 Loaded file C:\ORCADWIN\LAYOUT\LIBRARY\SM.LLB
Sat Mar 23 09:43:32 Loaded file C:\ORCADWIN\LAYOUT\LIBRARY\TM_CAP_P.LLB
Sat Mar 23 09:43:32 Loaded file C:\ORCADWIN\LAYOUT\library\sheet05.llb
Sat Mar 23 09:43:32 Unable to find Alternate Footprint: SOG.050/14/WG.244/L.375
Sat Mar 23 09:43:32 Loaded file C:\ORCADWIN\LAYOUT\LIBRARY\TO.LLB
Sat Mar 23 09:43:32 Loaded file C:\ORCADWIN\LAYOUT\LIBRARY\SOJ.LLB
Sat Mar 23 09:43:32 Loaded file C:\ORCADWIN\LAYOUT\LIBRARY\DIP100T.LLB
Sat Mar 23 09:43:32 Loaded file C:\ORCADWIN\LAYOUT\LIBRARY\DIP100B.LLB
Sat Mar 23 09:43:32 Loaded file C:\ORCADWIN\LAYOUT\LIBRARY\DSUBT.LLB
Sat Mar 23 09:43:32 Loaded file C:\ORCADWIN\LAYOUT\LIBRARY\JUMPER.LLB
Sat Mar 23 09:43:32 Loaded file C:\ORCADWIN\LAYOUT\LIBRARY\SM.LLB
Sat Mar 23 09:43:32 Loaded file C:\ORCADWIN\LAYOUT\LIBRARY\TM_CAP_P.LLB
Sat Mar 23 09:43:32 Loaded file C:\ORCADWIN\LAYOUT\library\sheet05.llb
Sat Mar 23 09:43:32 Unable to find Alternate Footprint: SOG.050/14/WG.244/L.375
Sat Mar 23 09:43:32 Loaded file C:\ORCADWIN\LAYOUT\LIBRARY\TO.LLB
Sat Mar 23 09:43:32 Loaded file C:\ORCADWIN\LAYOUT\LIBRARY\SOJ.LLB
Sat Mar 23 09:43:32 Loaded file C:\ORCADWIN\LAYOUT\LIBRARY\DIP100T.LLB
Sat Mar 23 09:43:32 Loaded file C:\ORCADWIN\LAYOUT\LIBRARY\DIP100B.LLB
Sat Mar 23 09:43:32 Loaded file C:\ORCADWIN\LAYOUT\LIBRARY\DSUBT.LLB
Sat Mar 23 09:43:32 Loaded file C:\ORCADWIN\LAYOUT\LIBRARY\JUMPER.LLB
Sat Mar 23 09:43:32 Loaded file C:\ORCADWIN\LAYOUT\LIBRARY\SM.LLB
Sat Mar 23 09:43:32 Loaded file C:\ORCADWIN\LAYOUT\LIBRARY\TM_CAP_P.LLB
Sat Mar 23 09:43:32 Loaded file C:\ORCADWIN\LAYOUT\library\sheet05.llb
Sat Mar 23 09:43:32 Unable to find Alternate Footprint: SOG.050/14/WG.244/L.375
Sat Mar 23 09:43:32 Loaded file C:\ORCADWIN\LAYOUT\LIBRARY\TO.LLB
Sat Mar 23 09:43:32 Loaded file C:\ORCADWIN\LAYOUT\LIBRARY\SOJ.LLB
Sat Mar 23 09:43:32 Loaded file C:\ORCADWIN\LAYOUT\LIBRARY\DIP100T.LLB
Sat Mar 23 09:43:32 Loaded file C:\ORCADWIN\LAYOUT\LIBRARY\DIP100B.LLB
Sat Mar 23 09:43:32 Loaded file C:\ORCADWIN\LAYOUT\LIBRARY\DSUBT.LLB
Sat Mar 23 09:43:32 Loaded file C:\ORCADWIN\LAYOUT\LIBRARY\JUMPER.LLB
Sat Mar 23 09:43:32 Loaded file C:\ORCADWIN\LAYOUT\LIBRARY\SM.LLB
Sat Mar 23 09:43:32 Loaded file C:\ORCADWIN\LAYOUT\LIBRARY\TM_CAP_P.LLB
Sat Mar 23 09:43:32 Loaded file C:\ORCADWIN\LAYOUT\library\sheet05.llb
Sat Mar 23 09:43:32 Unable to find Alternate Footprint: SOG.050/14/WG.244/L.375
Sat Mar 23 09:43:32 Loaded file C:\ORCADWIN\LAYOUT\LIBRARY\TO.LLB
Sat Mar 23 09:43:32 Loaded file C:\ORCADWIN\LAYOUT\LIBRARY\SOJ.LLB
Sat Mar 23 09:43:32 Loaded file C:\ORCADWIN\LAYOUT\LIBRARY\DIP100T.LLB
Sat Mar 23 09:43:32 Loaded file C:\ORCADWIN\LAYOUT\LIBRARY\DIP100B.LLB
Sat Mar 23 09:43:32 Loaded file C:\ORCADWIN\LAYOUT\LIBRARY\DSUBT.LLB
Sat Mar 23 09:43:32 Loaded file C:\ORCADWIN\LAYOUT\LIBRARY\JUMPER.LLB
Sat Mar 23 09:43:32 Loaded file C:\ORCADWIN\LAYOUT\LIBRARY\SM.LLB
Sat Mar 23 09:43:32 Loaded file C:\ORCADWIN\LAYOUT\LIBRARY\TM_CAP_P.LLB
Sat Mar 23 09:43:32 Loaded file C:\ORCADWIN\LAYOUT\library\sheet05.llb
Sat Mar 23 09:43:32 Unable to find Alternate Footprint: SOG.050/14/WG.244/L.375
Sat Mar 23 09:43:32 Loaded file C:\ORCADWIN\LAYOUT\LIBRARY\TO.LLB
Sat Mar 23 09:43:32 Loaded file C:\ORCADWIN\LAYOUT\LIBRARY\SOJ.LLB
Sat Mar 23 09:43:32 Loaded file C:\ORCADWIN\LAYOUT\LIBRARY\DIP100T.LLB
Sat Mar 23 09:43:32 Loaded file C:\ORCADWIN\LAYOUT\LIBRARY\DIP100B.LLB
Sat Mar 23 09:43:32 Loaded file C:\ORCADWIN\LAYOUT\LIBRARY\DSUBT.LLB
Sat Mar 23 09:43:32 Loaded file C:\ORCADWIN\LAYOUT\LIBRARY\JUMPER.LLB
Sat Mar 23 09:43:32 Loaded file C:\ORCADWIN\LAYOUT\LIBRARY\SM.LLB
Sat Mar 23 09:43:32 Loaded file C:\ORCADWIN\LAYOUT\LIBRARY\TM_CAP_P.LLB
Sat Mar 23 09:43:32 Loaded file C:\ORCADWIN\LAYOUT\library\sheet05.llb
Sat Mar 23 09:43:32 Unable to find Alternate Footprint: SOG.050/14/WG.244/L.375
Sat Mar 23 09:43:32 Loaded file C:\ORCADWIN\LAYOUT\LIBRARY\TO.LLB
Sat Mar 23 09:43:32 Loaded file C:\ORCADWIN\LAYOUT\LIBRARY\SOJ.LLB
Sat Mar 23 09:43:32 Loaded file C:\ORCADWIN\LAYOUT\LIBRARY\DIP100T.LLB
Sat Mar 23 09:43:32 Loaded file C:\ORCADWIN\LAYOUT\LIBRARY\DIP100B.LLB
Sat Mar 23 09:43:32 Loaded file C:\ORCADWIN\LAYOUT\LIBRARY\DSUBT.LLB
Sat Mar 23 09:43:32 Loaded file C:\ORCADWIN\LAYOUT\LIBRARY\JUMPER.LLB
Sat Mar 23 09:43:32 Loaded file C:\ORCADWIN\LAYOUT\LIBRARY\SM.LLB
Sat Mar 23 09:43:32 Loaded file C:\ORCADWIN\LAYOUT\LIBRARY\TM_CAP_P.LLB
Sat Mar 23 09:43:32 Loaded file C:\ORCADWIN\LAYOUT\library\sheet05.llb
Sat Mar 23 09:43:32 Unable to find Alternate Footprint: SOG.050/14/WG.244/L.375
Sat Mar 23 09:43:32 Loaded file C:\ORCADWIN\LAYOUT\LIBRARY\TO.LLB
Sat Mar 23 09:43:32 Loaded file C:\ORCADWIN\LAYOUT\LIBRARY\SOJ.LLB
Sat Mar 23 09:43:32 Loaded file C:\ORCADWIN\LAYOUT\LIBRARY\DIP100T.LLB
Sat Mar 23 09:43:32 Loaded file C:\ORCADWIN\LAYOUT\LIBRARY\DIP100B.LLB
Sat Mar 23 09:43:32 Loaded file C:\ORCADWIN\LAYOUT\LIBRARY\DSUBT.LLB
Sat Mar 23 09:43:32 Loaded file C:\ORCADWIN\LAYOUT\LIBRARY\JUMPER.LLB
Sat Mar 23 09:43:32 Loaded file C:\ORCADWIN\LAYOUT\LIBRARY\SM.LLB
Sat Mar 23 09:43:32 Loaded file C:\ORCADWIN\LAYOUT\LIBRARY\TM_CAP_P.LLB
Sat Mar 23 09:43:32 Loaded file C:\ORCADWIN\LAYOUT\library\sheet05.llb
Sat Mar 23 09:43:32 Unable to find Alternate Footprint: SOG.050/14/WG.244/L.375
Sat Mar 23 09:43:32 Loaded file C:\ORCADWIN\LAYOUT\LIBRARY\TO.LLB
Sat Mar 23 09:43:32 Loaded file C:\ORCADWIN\LAYOUT\LIBRARY\SOJ.LLB
Sat Mar 23 09:43:32 Loaded file C:\ORCADWIN\LAYOUT\LIBRARY\DIP100T.LLB
Sat Mar 23 09:43:32 Loaded file C:\ORCADWIN\LAYOUT\LIBRARY\DIP100B.LLB
Sat Mar 23 09:43:32 Loaded file C:\ORCADWIN\LAYOUT\LIBRARY\DSUBT.LLB
Sat Mar 23 09:43:32 Loaded file C:\ORCADWIN\LAYOUT\LIBRARY\JUMPER.LLB
Sat Mar 23 09:43:32 Loaded file C:\ORCADWIN\LAYOUT\LIBRARY\SM.LLB
Sat Mar 23 09:43:32 Loaded file C:\ORCADWIN\LAYOUT\LIBRARY\TM_CAP_P.LLB
Sat Mar 23 09:43:32 Loaded file C:\ORCADWIN\LAYOUT\library\sheet05.llb
Sat Mar 23 09:43:32 Unable to find Alternate Footprint: SOG.050/14/WG.244/L.375
Sat Mar 23 09:43:32 Saved as file C:\DOCUMENTS AND SETTINGS\TASOS\MY DOCUMENTS\LSESSION1\DESIGN1.MAX
Sat Mar 23 09:43:32 Loaded file C:\DOCUMENTS AND SETTINGS\TASOS\MY DOCUMENTS\LSESSION1\DESIGN1.MAX
Sat Mar 23 09:48:19 Saved as file BACKUP1.MAX
Sat Mar 23 09:48:19 Saved as file PLACE1.MAX
Sat Mar 23 09:48:19 Saved as file PLACE2.MAX
Sat Mar 23 09:48:19 Saved as file PLACE3.MAX
Sat Mar 23 09:48:19 Batch place completed in 00:00:00
Sat Mar 23 09:48:29 Saved as file BACKUP1.MAX
Sat Mar 23 09:48:29 Saved as file BACKUP1.MAX
Sat Mar 23 09:48:29 Saved as file BACKUP1.MAX
Sat Mar 23 09:48:29 Saved as file BACKUP1.MAX
Sat Mar 23 09:48:29 Saved as file BACKUP1.MAX
Sat Mar 23 09:48:29 Routed 28 connections in 0 seconds.
Sat Mar 23 09:48:29 Total is now 28 out of 164 (17%).
Sat Mar 23 09:48:29 Saved as file SWEEP1.MAX
Sat Mar 23 09:48:29 Saved as file BACKUP1.MAX
Sat Mar 23 09:48:29 Saved as file BACKUP1.MAX
Sat Mar 23 09:48:29 Saved as file BACKUP1.MAX
Sat Mar 23 09:48:30 Saved as file BACKUP1.MAX
Sat Mar 23 09:48:30 Saved as file BACKUP1.MAX
Sat Mar 23 09:48:43 Saved as file BACKUP1.MAX
Sat Mar 23 09:48:43 Routed 95 connections in 14 seconds.
Sat Mar 23 09:48:43 Total is now 112 out of 164 (68%).
Sat Mar 23 09:48:43 Saved as file SWEEP2.MAX
Sat Mar 23 09:49:20 Routed 5 connections in 36 seconds.
Sat Mar 23 09:49:20 Total is now 117 out of 164 (71%).
Sat Mar 23 09:49:20 Saved as file SWEEP3.MAX
Sat Mar 23 09:54:13 Saved as file BACKUP1.MAX
Sat Mar 23 09:56:20 Routed 1 connections in  7.0 minutes.
Sat Mar 23 09:56:20 Total is now 117 out of 164 (71%).
Sat Mar 23 09:56:20 Saved as file SWEEP4.MAX
Sat Mar 23 10:02:54 No new connections routed.
Sat Mar 23 10:02:54 Total is now 117 out of 164 (71%).
Sat Mar 23 10:02:54 Saved as file SWEEP5.MAX
Sat Mar 23 10:04:13 Saved as file BACKUP1.MAX
Sat Mar 23 10:08:15 Saved as file BACKUP1.MAX
Sat Mar 23 10:08:15 Batch place completed in 00:00:00
Sat Mar 23 10:10:12 Saved as file BACKUP1.MAX
Sat Mar 23 10:10:12 Batch place completed in 00:00:00
Sat Mar 23 10:11:07 Saved as file BACKUP1.MAX
Sat Mar 23 10:11:07 Batch place completed in 00:00:00
Sat Mar 23 10:12:13 Saved as file BACKUP1.MAX
Sat Mar 23 10:12:13 Batch place completed in 00:00:00
Sat Mar 23 10:15:43 Saved as file BACKUP1.MAX
Sat Mar 23 10:58:25 Saved as file C:\DOCUMENTS AND SETTINGS\TASOS\MY DOCUMENTS\LSESSION1\DESIGN1.MAX
