Release 13.1 - xst O.40d (nt)
Copyright (c) 1995-2011 Xilinx, Inc.  All rights reserved.
--> Parameter TMPDIR set to xst/projnav.tmp


Total REAL time to Xst completion: 1.00 secs
Total CPU time to Xst completion: 0.19 secs
 
--> Parameter xsthdpdir set to xst


Total REAL time to Xst completion: 1.00 secs
Total CPU time to Xst completion: 0.19 secs
 
--> Reading design: top.prj

TABLE OF CONTENTS
  1) Synthesis Options Summary
  2) HDL Compilation
  3) Design Hierarchy Analysis
  4) HDL Analysis
  5) HDL Synthesis
     5.1) HDL Synthesis Report
  6) Advanced HDL Synthesis
     6.1) Advanced HDL Synthesis Report
  7) Low Level Synthesis
  8) Partition Report
  9) Final Report
	9.1) Device utilization summary
	9.2) Partition Resource Summary
	9.3) TIMING REPORT


=========================================================================
*                      Synthesis Options Summary                        *
=========================================================================
---- Source Parameters
Input File Name                    : "top.prj"
Input Format                       : mixed
Ignore Synthesis Constraint File   : NO

---- Target Parameters
Output File Name                   : "top"
Output Format                      : NGC
Target Device                      : xc3s1000-4-ft256

---- Source Options
Top Module Name                    : top
Automatic FSM Extraction           : YES
FSM Encoding Algorithm             : Auto
Safe Implementation                : No
FSM Style                          : LUT
RAM Extraction                     : Yes
RAM Style                          : Auto
ROM Extraction                     : Yes
Mux Style                          : Auto
Decoder Extraction                 : YES
Priority Encoder Extraction        : Yes
Shift Register Extraction          : YES
Logical Shifter Extraction         : YES
XOR Collapsing                     : YES
ROM Style                          : Auto
Mux Extraction                     : Yes
Resource Sharing                   : YES
Asynchronous To Synchronous        : NO
Multiplier Style                   : Auto
Automatic Register Balancing       : No

---- Target Options
Add IO Buffers                     : YES
Global Maximum Fanout              : 500
Add Generic Clock Buffer(BUFG)     : 8
Register Duplication               : YES
Slice Packing                      : YES
Optimize Instantiated Primitives   : NO
Use Clock Enable                   : Yes
Use Synchronous Set                : Yes
Use Synchronous Reset              : Yes
Pack IO Registers into IOBs        : Auto
Equivalent register Removal        : YES

---- General Options
Optimization Goal                  : Speed
Optimization Effort                : 1
Keep Hierarchy                     : No
Netlist Hierarchy                  : As_Optimized
RTL Output                         : Yes
Global Optimization                : AllClockNets
Read Cores                         : YES
Write Timing Constraints           : NO
Cross Clock Analysis               : NO
Hierarchy Separator                : /
Bus Delimiter                      : <>
Case Specifier                     : Maintain
Slice Utilization Ratio            : 100
BRAM Utilization Ratio             : 100
Verilog 2001                       : YES
Auto BRAM Packing                  : NO
Slice Utilization Ratio Delta      : 5

=========================================================================


=========================================================================
*                          HDL Compilation                              *
=========================================================================
Compiling verilog file "vgasync.v" in library work
Compiling verilog file "scancode_decoder.v" in library work
Module <vgasync> compiled
Compiling verilog file "pixel_clk.v" in library work
Module <scancode_decoder> compiled
Compiling verilog file "kbd_protocol.v" in library work
Module <pixel_clk> compiled
Compiling verilog file "color_memory.v" in library work
Module <kbd_protocol> compiled
Compiling verilog file "top.v" in library work
Module <color_memory> compiled
Module <top> compiled
No errors in compilation
Analysis of file <"top.prj"> succeeded.
 

=========================================================================
*                     Design Hierarchy Analysis                         *
=========================================================================
Analyzing hierarchy for module <top> in library <work>.

Analyzing hierarchy for module <pixel_clk> in library <work>.

Analyzing hierarchy for module <kbd_protocol> in library <work>.

Analyzing hierarchy for module <scancode_decoder> in library <work>.

Analyzing hierarchy for module <vgasync> in library <work> with parameters.
	H_BACK_PORCH = "00000000000000000000000000110000"
	H_FRONT_PORCH = "00000000000000000000000000010000"
	H_SYNC_PULSE = "00000000000000000000000001100000"
	H_TOTAL = "00000000000000000000001100100000"
	H_VISIBLE_AREA = "00000000000000000000001010000000"
	V_BACK_PORCH = "00000000000000000000000000100011"
	V_FRONT_PORCH = "00000000000000000000000000001100"
	V_SYNC_PULSE = "00000000000000000000000000000010"
	V_TOTAL = "00000000000000000000000111000001"
	V_VISIBLE_AREA = "00000000000000000000000110010000"

Analyzing hierarchy for module <color_memory> in library <work> with parameters.
	H_BACK_PORCH = "00000000000000000000000000110000"
	H_FRONT_PORCH = "00000000000000000000000000010000"
	H_SYNC_PULSE = "00000000000000000000000001100000"
	H_TOTAL = "00000000000000000000001100100000"
	H_VISIBLE_AREA = "00000000000000000000001010000000"
	NUM_WINDOWS = "00000000000000000000000000000110"
	V_BACK_PORCH = "00000000000000000000000000100011"
	V_FRONT_PORCH = "00000000000000000000000000001100"
	V_SYNC_PULSE = "00000000000000000000000000000010"
	V_TOTAL = "00000000000000000000000111000001"
	V_VISIBLE_AREA = "00000000000000000000000110010000"


=========================================================================
*                            HDL Analysis                               *
=========================================================================
Analyzing top module <top>.
Module <top> is correct for synthesis.
 
Analyzing module <pixel_clk> in library <work>.
Module <pixel_clk> is correct for synthesis.
 
Analyzing module <kbd_protocol> in library <work>.
Module <kbd_protocol> is correct for synthesis.
 
Analyzing module <scancode_decoder> in library <work>.
Module <scancode_decoder> is correct for synthesis.
 
Analyzing module <vgasync> in library <work>.
	H_BACK_PORCH = 32'sb00000000000000000000000000110000
	H_FRONT_PORCH = 32'sb00000000000000000000000000010000
	H_SYNC_PULSE = 32'sb00000000000000000000000001100000
	H_TOTAL = 32'sb00000000000000000000001100100000
	H_VISIBLE_AREA = 32'sb00000000000000000000001010000000
	V_BACK_PORCH = 32'sb00000000000000000000000000100011
	V_FRONT_PORCH = 32'sb00000000000000000000000000001100
	V_SYNC_PULSE = 32'sb00000000000000000000000000000010
	V_TOTAL = 32'sb00000000000000000000000111000001
	V_VISIBLE_AREA = 32'sb00000000000000000000000110010000
Module <vgasync> is correct for synthesis.
 
Analyzing module <color_memory> in library <work>.
	H_BACK_PORCH = 32'sb00000000000000000000000000110000
	H_FRONT_PORCH = 32'sb00000000000000000000000000010000
	H_SYNC_PULSE = 32'sb00000000000000000000000001100000
	H_TOTAL = 32'sb00000000000000000000001100100000
	H_VISIBLE_AREA = 32'sb00000000000000000000001010000000
	NUM_WINDOWS = 32'sb00000000000000000000000000000110
	V_BACK_PORCH = 32'sb00000000000000000000000000100011
	V_FRONT_PORCH = 32'sb00000000000000000000000000001100
	V_SYNC_PULSE = 32'sb00000000000000000000000000000010
	V_TOTAL = 32'sb00000000000000000000000111000001
	V_VISIBLE_AREA = 32'sb00000000000000000000000110010000
Module <color_memory> is correct for synthesis.
 

=========================================================================
*                           HDL Synthesis                               *
=========================================================================

Performing bidirectional port resolution...
INFO:Xst:2679 - Register <i> in unit <color_memory> has a constant value of 110 during circuit operation. The register is replaced by logic.

Synthesizing Unit <pixel_clk>.
    Related source file is "pixel_clk.v".
    Found 2-bit up counter for signal <count>.
    Summary:
	inferred   1 Counter(s).
Unit <pixel_clk> synthesized.


Synthesizing Unit <kbd_protocol>.
    Related source file is "kbd_protocol.v".
    Found 1-bit register for signal <flag>.
    Found 8-bit register for signal <scancode>.
    Found 4-bit up counter for signal <cnt>.
    Found 1-bit register for signal <f0>.
    Found 1-bit xor9 for signal <flag$xor0000> created at line 63.
    Found 8-bit register for signal <ps2clksamples>.
    Found 10-bit register for signal <shift>.
    Summary:
	inferred   1 Counter(s).
	inferred  28 D-type flip-flop(s).
	inferred   1 Xor(s).
Unit <kbd_protocol> synthesized.


Synthesizing Unit <scancode_decoder>.
    Related source file is "scancode_decoder.v".
    Found 1-bit register for signal <b>.
    Found 1-bit register for signal <g>.
    Found 1-bit register for signal <r>.
    Found 3-bit register for signal <window_select>.
    Summary:
	inferred   3 D-type flip-flop(s).
Unit <scancode_decoder> synthesized.


Synthesizing Unit <vgasync>.
    Related source file is "vgasync.v".
    Found 1-bit register for signal <vsync>.
    Found 10-bit up counter for signal <hcounter>.
    Found 9-bit up counter for signal <vcounter>.
    Found 1-bit register for signal <hsync>.
    Found 10-bit comparator greatequal for signal <hsync$cmp_ge0000> created at line 60.
    Found 10-bit comparator less for signal <hsync$cmp_lt0000> created at line 60.
    Found 9-bit comparator greatequal for signal <vsync$cmp_ge0000> created at line 61.
    Found 9-bit comparator less for signal <vsync$cmp_lt0000> created at line 61.
    Summary:
	inferred   2 Counter(s).
	inferred   2 D-type flip-flop(s).
	inferred   4 Comparator(s).
Unit <vgasync> synthesized.


Synthesizing Unit <color_memory>.
    Related source file is "color_memory.v".
    Found 3-bit register for signal <blue_out>.
    Found 3-bit register for signal <red_out>.
    Found 3-bit register for signal <green_out>.
    Found 6-bit register for signal <blue_dir>.
    Found 3-bit comparator greater for signal <blue_dir_0$cmp_gt0000> created at line 110.
    Found 3-bit comparator less for signal <blue_dir_0$cmp_lt0000> created at line 105.
    Found 9-bit comparator greater for signal <blue_out$cmp_gt0000> created at line 135.
    Found 10-bit comparator greater for signal <blue_out$cmp_gt0001> created at line 139.
    Found 10-bit comparator greater for signal <blue_out$cmp_gt0002> created at line 158.
    Found 10-bit comparator greater for signal <blue_out$cmp_gt0003> created at line 177.
    Found 9-bit comparator greater for signal <blue_out$cmp_gt0004> created at line 194.
    Found 9-bit comparator less for signal <blue_out$cmp_lt0000> created at line 124.
    Found 10-bit comparator less for signal <blue_out$cmp_lt0001> created at line 124.
    Found 9-bit comparator less for signal <blue_out$cmp_lt0002> created at line 129.
    Found 10-bit comparator less for signal <blue_out$cmp_lt0003> created at line 131.
    Found 9-bit comparator less for signal <blue_out$cmp_lt0004> created at line 133.
    Found 10-bit comparator less for signal <blue_out$cmp_lt0005> created at line 137.
    Found 10-bit comparator less for signal <blue_out$cmp_lt0006> created at line 150.
    Found 10-bit comparator less for signal <blue_out$cmp_lt0007> created at line 156.
    Found 10-bit comparator less for signal <blue_out$cmp_lt0008> created at line 175.
    Found 9-bit comparator less for signal <blue_out$cmp_lt0009> created at line 192.
    Found 9-bit register for signal <color_memory<0>>.
    Found 3-bit comparator greatequal for signal <color_memory<0>_0$cmp_ge0000> created at line 75.
    Found 3-bit comparator lessequal for signal <color_memory<0>_0$cmp_le0000> created at line 80.
    Found 3-bit comparator greatequal for signal <color_memory<0>_1$cmp_ge0000> created at line 90.
    Found 3-bit comparator lessequal for signal <color_memory<0>_1$cmp_le0000> created at line 95.
    Found 3-bit comparator greatequal for signal <color_memory<0>_2$cmp_ge0000> created at line 105.
    Found 3-bit comparator lessequal for signal <color_memory<0>_2$cmp_le0000> created at line 110.
    Found 9-bit register for signal <color_memory<1>>.
    Found 9-bit register for signal <color_memory<2>>.
    Found 9-bit register for signal <color_memory<3>>.
    Found 9-bit register for signal <color_memory<4>>.
    Found 9-bit register for signal <color_memory<5>>.
    Found 3-bit adder carry out for signal <COND_11$addsub0000>.
    Found 3-bit adder carry out for signal <COND_3$addsub0000>.
    Found 3-bit adder carry out for signal <COND_7$addsub0000>.
    Found 6-bit register for signal <green_dir>.
    Found 3-bit comparator greater for signal <green_dir_0$cmp_gt0000> created at line 95.
    Found 3-bit comparator less for signal <green_dir_0$cmp_lt0000> created at line 90.
    Found 6-bit register for signal <red_dir>.
    Found 3-bit comparator greater for signal <red_dir_0$cmp_gt0000> created at line 80.
    Found 3-bit comparator less for signal <red_dir_0$cmp_lt0000> created at line 75.
    Summary:
	inferred  81 D-type flip-flop(s).
	inferred   6 Adder/Subtractor(s).
	inferred  27 Comparator(s).
	inferred  12 Multiplexer(s).
Unit <color_memory> synthesized.


Synthesizing Unit <top>.
    Related source file is "top.v".
Unit <top> synthesized.


=========================================================================
HDL Synthesis Report

Macro Statistics
# Adders/Subtractors                                   : 6
 3-bit adder carry out                                 : 3
 4-bit subtractor                                      : 3
# Counters                                             : 4
 10-bit up counter                                     : 1
 2-bit up counter                                      : 1
 4-bit up counter                                      : 1
 9-bit up counter                                      : 1
# Registers                                            : 50
 1-bit register                                        : 25
 10-bit register                                       : 1
 3-bit register                                        : 22
 8-bit register                                        : 2
# Comparators                                          : 31
 10-bit comparator greatequal                          : 1
 10-bit comparator greater                             : 3
 10-bit comparator less                                : 7
 3-bit comparator greatequal                           : 3
 3-bit comparator greater                              : 3
 3-bit comparator less                                 : 3
 3-bit comparator lessequal                            : 3
 9-bit comparator greatequal                           : 1
 9-bit comparator greater                              : 2
 9-bit comparator less                                 : 5
# Multiplexers                                         : 6
 1-bit 6-to-1 multiplexer                              : 3
 3-bit 6-to-1 multiplexer                              : 3
# Xors                                                 : 1
 1-bit xor9                                            : 1

=========================================================================

=========================================================================
*                       Advanced HDL Synthesis                          *
=========================================================================


=========================================================================
Advanced HDL Synthesis Report

Macro Statistics
# Adders/Subtractors                                   : 6
 3-bit adder carry out                                 : 3
 3-bit subtractor                                      : 3
# Counters                                             : 4
 10-bit up counter                                     : 1
 2-bit up counter                                      : 1
 4-bit up counter                                      : 1
 9-bit up counter                                      : 1
# Registers                                            : 117
 Flip-Flops                                            : 117
# Comparators                                          : 31
 10-bit comparator greatequal                          : 1
 10-bit comparator greater                             : 3
 10-bit comparator less                                : 7
 3-bit comparator greatequal                           : 3
 3-bit comparator greater                              : 3
 3-bit comparator less                                 : 3
 3-bit comparator lessequal                            : 3
 9-bit comparator greatequal                           : 1
 9-bit comparator greater                              : 2
 9-bit comparator less                                 : 5
# Multiplexers                                         : 12
 1-bit 6-to-1 multiplexer                              : 12
# Xors                                                 : 1
 1-bit xor9                                            : 1

=========================================================================

=========================================================================
*                         Low Level Synthesis                           *
=========================================================================

Optimizing unit <top> ...

Optimizing unit <kbd_protocol> ...

Optimizing unit <vgasync> ...

Optimizing unit <color_memory> ...

Optimizing unit <scancode_decoder> ...

Mapping all equations...
Building and optimizing final netlist ...
Found area constraint ratio of 100 (+ 5) on block top, actual ratio is 2.

Final Macro Processing ...

=========================================================================
Final Register Report

Macro Statistics
# Registers                                            : 142
 Flip-Flops                                            : 142

=========================================================================

=========================================================================
*                           Partition Report                            *
=========================================================================

Partition Implementation Status
-------------------------------

  No Partitions were found in this design.

-------------------------------

=========================================================================
*                            Final Report                               *
=========================================================================
Final Results
RTL Top Level Output File Name     : top.ngr
Top Level Output File Name         : top
Output Format                      : NGC
Optimization Goal                  : Speed
Keep Hierarchy                     : No

Design Statistics
# IOs                              : 15

Cell Usage :
# BELS                             : 371
#      GND                         : 1
#      INV                         : 4
#      LUT1                        : 17
#      LUT2                        : 25
#      LUT2_D                      : 3
#      LUT2_L                      : 5
#      LUT3                        : 107
#      LUT3_D                      : 13
#      LUT3_L                      : 9
#      LUT4                        : 102
#      LUT4_D                      : 10
#      LUT4_L                      : 20
#      MUXCY                       : 17
#      MUXF5                       : 18
#      VCC                         : 1
#      XORCY                       : 19
# FlipFlops/Latches                : 142
#      FDC                         : 24
#      FDCE                        : 87
#      FDPE                        : 20
#      FDR                         : 2
#      FDRS                        : 9
# Clock Buffers                    : 2
#      BUFG                        : 1
#      BUFGP                       : 1
# IO Buffers                       : 14
#      IBUF                        : 3
#      OBUF                        : 11
=========================================================================

Device utilization summary:
---------------------------

Selected Device : 3s1000ft256-4 

 Number of Slices:                      177  out of   7680     2%  
 Number of Slice Flip Flops:            142  out of  15360     0%  
 Number of 4 input LUTs:                315  out of  15360     2%  
 Number of IOs:                          15
 Number of bonded IOBs:                  15  out of    173     8%  
 Number of GCLKs:                         2  out of      8    25%  

---------------------------
Partition Resource Summary:
---------------------------

  No Partitions were found in this design.

---------------------------


=========================================================================
TIMING REPORT

NOTE: THESE TIMING NUMBERS ARE ONLY A SYNTHESIS ESTIMATE.
      FOR ACCURATE TIMING INFORMATION PLEASE REFER TO THE TRACE REPORT
      GENERATED AFTER PLACE-and-ROUTE.

Clock Information:
------------------
-----------------------------------+------------------------+-------+
Clock Signal                       | Clock buffer(FF name)  | Load  |
-----------------------------------+------------------------+-------+
clk                                | BUFGP                  | 2     |
clkdiv41(pix/clkdiv41:O)           | BUFG(*)(kbdp/cnt_3)    | 140   |
-----------------------------------+------------------------+-------+
(*) This 1 clock signal(s) are generated by combinatorial logic,
and XST is not able to identify which are the primary clock signals.
Please use the CLOCK_SIGNAL constraint to specify the clock signal(s) generated by combinatorial logic.

Asynchronous Control Signals Information:
----------------------------------------
-----------------------------------+------------------------+-------+
Control Signal                     | Buffer(FF name)        | Load  |
-----------------------------------+------------------------+-------+
reset                              | IBUF                   | 131   |
-----------------------------------+------------------------+-------+

Timing Summary:
---------------
Speed Grade: -4

   Minimum period: 11.996ns (Maximum Frequency: 83.361MHz)
   Minimum input arrival time before clock: 7.593ns
   Maximum output required time after clock: 7.165ns
   Maximum combinational path delay: No path found

Timing Detail:
--------------
All values displayed in nanoseconds (ns)

=========================================================================
Timing constraint: Default period analysis for Clock 'clk'
  Clock period: 3.182ns (frequency: 314.268MHz)
  Total number of paths / destination ports: 3 / 2
-------------------------------------------------------------------------
Delay:               3.182ns (Levels of Logic = 1)
  Source:            pix/count_0 (FF)
  Destination:       pix/count_0 (FF)
  Source Clock:      clk rising
  Destination Clock: clk rising

  Data Path: pix/count_0 to pix/count_0
                                Gate     Net
    Cell:in->out      fanout   Delay   Delay  Logical Name (Net Name)
    ----------------------------------------  ------------
     FDC:C->Q              3   0.720   0.907  pix/count_0 (pix/count_0)
     INV:I->O              1   0.551   0.801  pix/Mcount_count_xor<0>11_INV_0 (pix/Mcount_count)
     FDC:D                     0.203          pix/count_0
    ----------------------------------------
    Total                      3.182ns (1.474ns logic, 1.708ns route)
                                       (46.3% logic, 53.7% route)

=========================================================================
Timing constraint: Default period analysis for Clock 'clkdiv41'
  Clock period: 11.996ns (frequency: 83.361MHz)
  Total number of paths / destination ports: 10024 / 263
-------------------------------------------------------------------------
Delay:               11.996ns (Levels of Logic = 6)
  Source:            syn/hcounter_3 (FF)
  Destination:       cm/red_out_2 (FF)
  Source Clock:      clkdiv41 rising
  Destination Clock: clkdiv41 rising

  Data Path: syn/hcounter_3 to cm/red_out_2
                                Gate     Net
    Cell:in->out      fanout   Delay   Delay  Logical Name (Net Name)
    ----------------------------------------  ------------
     FDC:C->Q              7   0.720   1.405  syn/hcounter_3 (syn/hcounter_3)
     LUT4:I0->O            1   0.551   0.869  cm/green_out_mux0000<0>2247 (cm/green_out_mux0000<0>2247)
     LUT4:I2->O            1   0.551   0.827  cm/green_out_mux0000<0>2276 (cm/green_out_mux0000<0>2276)
     LUT4_D:I3->O          3   0.551   0.975  cm/green_out_mux0000<0>22103 (cm/N10)
     LUT4:I2->O            1   0.551   0.996  cm/green_out_mux0000<0>2201 (cm/green_out_mux0000<0>2201)
     LUT4:I1->O            1   0.551   0.869  cm/green_out_mux0000<0>2481 (cm/green_out_mux0000<0>2481)
     LUT4:I2->O            6   0.551   1.003  cm/green_out_mux0000<0>2152 (cm/N5)
     FDRS:S                    1.026          cm/red_out_2
    ----------------------------------------
    Total                     11.996ns (5.052ns logic, 6.944ns route)
                                       (42.1% logic, 57.9% route)

=========================================================================
Timing constraint: Default OFFSET IN BEFORE for Clock 'clkdiv41'
  Total number of paths / destination ports: 12 / 12
-------------------------------------------------------------------------
Offset:              7.593ns (Levels of Logic = 5)
  Source:            ps2data (PAD)
  Destination:       kbdp/f0 (FF)
  Destination Clock: clkdiv41 rising

  Data Path: ps2data to kbdp/f0
                                Gate     Net
    Cell:in->out      fanout   Delay   Delay  Logical Name (Net Name)
    ----------------------------------------  ------------
     IBUF:I->O             2   0.821   1.072  ps2data_IBUF (ps2data_IBUF)
     LUT3_L:I1->LO         1   0.551   0.126  kbdp/f0_not0001338_SW0 (N87)
     LUT4:I3->O            1   0.551   0.827  kbdp/f0_not0001338 (kbdp/f0_not0001338)
     LUT4_D:I3->O          1   0.551   1.140  kbdp/f0_not0001354 (kbdp/N3)
     LUT4:I0->O            1   0.551   0.801  kbdp/f0_not000139 (kbdp/f0_not0001)
     FDCE:CE                   0.602          kbdp/f0
    ----------------------------------------
    Total                      7.593ns (3.627ns logic, 3.966ns route)
                                       (47.8% logic, 52.2% route)

=========================================================================
Timing constraint: Default OFFSET OUT AFTER for Clock 'clkdiv41'
  Total number of paths / destination ports: 11 / 11
-------------------------------------------------------------------------
Offset:              7.165ns (Levels of Logic = 1)
  Source:            syn/vsync (FF)
  Destination:       vsync (PAD)
  Source Clock:      clkdiv41 rising

  Data Path: syn/vsync to vsync
                                Gate     Net
    Cell:in->out      fanout   Delay   Delay  Logical Name (Net Name)
    ----------------------------------------  ------------
     FDR:C->Q              1   0.720   0.801  syn/vsync (syn/vsync)
     OBUF:I->O                 5.644          vsync_OBUF (vsync)
    ----------------------------------------
    Total                      7.165ns (6.364ns logic, 0.801ns route)
                                       (88.8% logic, 11.2% route)

=========================================================================


Total REAL time to Xst completion: 14.00 secs
Total CPU time to Xst completion: 13.47 secs
 
--> 

Total memory usage is 137816 kilobytes

Number of errors   :    0 (   0 filtered)
Number of warnings :    0 (   0 filtered)
Number of infos    :    1 (   0 filtered)

