Release 13.1 - xst O.40d (nt)
Copyright (c) 1995-2011 Xilinx, Inc.  All rights reserved.
--> Parameter TMPDIR set to xst/projnav.tmp


Total REAL time to Xst completion: 0.00 secs
Total CPU time to Xst completion: 0.22 secs
 
--> Parameter xsthdpdir set to xst


Total REAL time to Xst completion: 0.00 secs
Total CPU time to Xst completion: 0.22 secs
 
--> Reading design: eight.prj

TABLE OF CONTENTS
  1) Synthesis Options Summary
  2) HDL Compilation
  3) Design Hierarchy Analysis
  4) HDL Analysis
  5) HDL Synthesis
     5.1) HDL Synthesis Report
  6) Advanced HDL Synthesis
     6.1) Advanced HDL Synthesis Report
  7) Low Level Synthesis
  8) Partition Report
  9) Final Report
	9.1) Device utilization summary
	9.2) Partition Resource Summary
	9.3) TIMING REPORT


=========================================================================
*                      Synthesis Options Summary                        *
=========================================================================
---- Source Parameters
Input File Name                    : "eight.prj"
Input Format                       : mixed
Ignore Synthesis Constraint File   : NO

---- Target Parameters
Output File Name                   : "eight"
Output Format                      : NGC
Target Device                      : xc3s1000-4-ft256

---- Source Options
Top Module Name                    : eight
Automatic FSM Extraction           : YES
FSM Encoding Algorithm             : Auto
Safe Implementation                : No
FSM Style                          : LUT
RAM Extraction                     : Yes
RAM Style                          : Auto
ROM Extraction                     : Yes
Mux Style                          : Auto
Decoder Extraction                 : YES
Priority Encoder Extraction        : Yes
Shift Register Extraction          : YES
Logical Shifter Extraction         : YES
XOR Collapsing                     : YES
ROM Style                          : Auto
Mux Extraction                     : Yes
Resource Sharing                   : YES
Asynchronous To Synchronous        : NO
Multiplier Style                   : Auto
Automatic Register Balancing       : No

---- Target Options
Add IO Buffers                     : YES
Global Maximum Fanout              : 500
Add Generic Clock Buffer(BUFG)     : 8
Register Duplication               : YES
Slice Packing                      : YES
Optimize Instantiated Primitives   : NO
Use Clock Enable                   : Yes
Use Synchronous Set                : Yes
Use Synchronous Reset              : Yes
Pack IO Registers into IOBs        : Auto
Equivalent register Removal        : YES

---- General Options
Optimization Goal                  : Speed
Optimization Effort                : 1
Keep Hierarchy                     : No
Netlist Hierarchy                  : As_Optimized
RTL Output                         : Yes
Global Optimization                : AllClockNets
Read Cores                         : YES
Write Timing Constraints           : NO
Cross Clock Analysis               : NO
Hierarchy Separator                : /
Bus Delimiter                      : <>
Case Specifier                     : Maintain
Slice Utilization Ratio            : 100
BRAM Utilization Ratio             : 100
Verilog 2001                       : YES
Auto BRAM Packing                  : NO
Slice Utilization Ratio Delta      : 5

=========================================================================


=========================================================================
*                          HDL Compilation                              *
=========================================================================
Compiling verilog file "eight.v" in library work
Module <kbd_protocol> compiled
Module <scan_2_7seg> compiled
Module <eight> compiled
No errors in compilation
Analysis of file <"eight.prj"> succeeded.
 

=========================================================================
*                     Design Hierarchy Analysis                         *
=========================================================================
Analyzing hierarchy for module <eight> in library <work>.

Analyzing hierarchy for module <kbd_protocol> in library <work>.

Analyzing hierarchy for module <scan_2_7seg> in library <work>.


=========================================================================
*                            HDL Analysis                               *
=========================================================================
Analyzing top module <eight>.
Module <eight> is correct for synthesis.
 
Analyzing module <kbd_protocol> in library <work>.
Module <kbd_protocol> is correct for synthesis.
 
Analyzing module <scan_2_7seg> in library <work>.
Module <scan_2_7seg> is correct for synthesis.
 

=========================================================================
*                           HDL Synthesis                               *
=========================================================================

Performing bidirectional port resolution...

Synthesizing Unit <kbd_protocol>.
    Related source file is "eight.v".
    Found 8-bit register for signal <prev_scancode>.
    Found 8-bit register for signal <scancode>.
    Found 4-bit up counter for signal <cnt>.
    Found 1-bit register for signal <f0>.
    Found 8-bit register for signal <ps2clksamples>.
    Found 1-bit xor9 for signal <scancode$xor0000> created at line 61.
    Found 10-bit register for signal <shift>.
    Summary:
	inferred   1 Counter(s).
	inferred  35 D-type flip-flop(s).
	inferred   1 Xor(s).
Unit <kbd_protocol> synthesized.


Synthesizing Unit <scan_2_7seg>.
    Related source file is "eight.v".
Unit <scan_2_7seg> synthesized.


Synthesizing Unit <eight>.
    Related source file is "eight.v".
Unit <eight> synthesized.


=========================================================================
HDL Synthesis Report

Macro Statistics
# Counters                                             : 1
 4-bit up counter                                      : 1
# Registers                                            : 5
 1-bit register                                        : 1
 10-bit register                                       : 1
 8-bit register                                        : 3
# Xors                                                 : 1
 1-bit xor9                                            : 1

=========================================================================

=========================================================================
*                       Advanced HDL Synthesis                          *
=========================================================================


=========================================================================
Advanced HDL Synthesis Report

Macro Statistics
# Counters                                             : 1
 4-bit up counter                                      : 1
# Registers                                            : 35
 Flip-Flops                                            : 35
# Xors                                                 : 1
 1-bit xor9                                            : 1

=========================================================================

=========================================================================
*                         Low Level Synthesis                           *
=========================================================================

Optimizing unit <eight> ...

Optimizing unit <kbd_protocol> ...

Mapping all equations...
Building and optimizing final netlist ...
Found area constraint ratio of 100 (+ 5) on block eight, actual ratio is 0.

Final Macro Processing ...

=========================================================================
Final Register Report

Macro Statistics
# Registers                                            : 39
 Flip-Flops                                            : 39

=========================================================================

=========================================================================
*                           Partition Report                            *
=========================================================================

Partition Implementation Status
-------------------------------

  No Partitions were found in this design.

-------------------------------

=========================================================================
*                            Final Report                               *
=========================================================================
Final Results
RTL Top Level Output File Name     : eight.ngr
Top Level Output File Name         : eight
Output Format                      : NGC
Optimization Goal                  : Speed
Keep Hierarchy                     : No

Design Statistics
# IOs                              : 20

Cell Usage :
# BELS                             : 83
#      INV                         : 1
#      LUT2                        : 8
#      LUT2_L                      : 2
#      LUT3                        : 16
#      LUT3_L                      : 1
#      LUT4                        : 52
#      LUT4_D                      : 1
#      LUT4_L                      : 1
#      MUXF5                       : 1
# FlipFlops/Latches                : 39
#      FDC                         : 8
#      FDCE                        : 31
# Clock Buffers                    : 1
#      BUFGP                       : 1
# IO Buffers                       : 19
#      IBUF                        : 3
#      OBUF                        : 16
=========================================================================

Device utilization summary:
---------------------------

Selected Device : 3s1000ft256-4 

 Number of Slices:                       46  out of   7680     0%  
 Number of Slice Flip Flops:             39  out of  15360     0%  
 Number of 4 input LUTs:                 82  out of  15360     0%  
 Number of IOs:                          20
 Number of bonded IOBs:                  20  out of    173    11%  
 Number of GCLKs:                         1  out of      8    12%  

---------------------------
Partition Resource Summary:
---------------------------

  No Partitions were found in this design.

---------------------------


=========================================================================
TIMING REPORT

NOTE: THESE TIMING NUMBERS ARE ONLY A SYNTHESIS ESTIMATE.
      FOR ACCURATE TIMING INFORMATION PLEASE REFER TO THE TRACE REPORT
      GENERATED AFTER PLACE-and-ROUTE.

Clock Information:
------------------
-----------------------------------+------------------------+-------+
Clock Signal                       | Clock buffer(FF name)  | Load  |
-----------------------------------+------------------------+-------+
clk                                | BUFGP                  | 39    |
-----------------------------------+------------------------+-------+

Asynchronous Control Signals Information:
----------------------------------------
-----------------------------------+------------------------+-------+
Control Signal                     | Buffer(FF name)        | Load  |
-----------------------------------+------------------------+-------+
reset                              | IBUF                   | 39    |
-----------------------------------+------------------------+-------+

Timing Summary:
---------------
Speed Grade: -4

   Minimum period: 8.395ns (Maximum Frequency: 119.119MHz)
   Minimum input arrival time before clock: 7.466ns
   Maximum output required time after clock: 14.178ns
   Maximum combinational path delay: No path found

Timing Detail:
--------------
All values displayed in nanoseconds (ns)

=========================================================================
Timing constraint: Default period analysis for Clock 'clk'
  Clock period: 8.395ns (frequency: 119.119MHz)
  Total number of paths / destination ports: 599 / 68
-------------------------------------------------------------------------
Delay:               8.395ns (Levels of Logic = 4)
  Source:            kbd/ps2clksamples_5 (FF)
  Destination:       kbd/f0 (FF)
  Source Clock:      clk rising
  Destination Clock: clk rising

  Data Path: kbd/ps2clksamples_5 to kbd/f0
                                Gate     Net
    Cell:in->out      fanout   Delay   Delay  Logical Name (Net Name)
    ----------------------------------------  ------------
     FDC:C->Q              2   0.720   1.216  kbd/ps2clksamples_5 (kbd/ps2clksamples_5)
     LUT4:I0->O            1   0.551   0.996  kbd/f0_not0001271 (kbd/f0_not0001271)
     LUT2:I1->O            6   0.551   1.029  kbd/f0_not0001220 (kbd/fall_edge)
     LUT4_D:I3->O          1   0.551   0.827  kbd/f0_not0001350 (kbd/N3)
     LUT4:I3->O            1   0.551   0.801  kbd/f0_not000139 (kbd/f0_not0001)
     FDCE:CE                   0.602          kbd/f0
    ----------------------------------------
    Total                      8.395ns (3.526ns logic, 4.869ns route)
                                       (42.0% logic, 58.0% route)

=========================================================================
Timing constraint: Default OFFSET IN BEFORE for Clock 'clk'
  Total number of paths / destination ports: 19 / 19
-------------------------------------------------------------------------
Offset:              7.466ns (Levels of Logic = 5)
  Source:            ps2data (PAD)
  Destination:       kbd/f0 (FF)
  Destination Clock: clk rising

  Data Path: ps2data to kbd/f0
                                Gate     Net
    Cell:in->out      fanout   Delay   Delay  Logical Name (Net Name)
    ----------------------------------------  ------------
     IBUF:I->O             2   0.821   1.216  ps2data_IBUF (ps2data_IBUF)
     LUT3_L:I0->LO         1   0.551   0.126  kbd/f0_not0001335_SW0 (N54)
     LUT4:I3->O            1   0.551   0.869  kbd/f0_not0001335 (kbd/f0_not0001335)
     LUT4_D:I2->O          1   0.551   0.827  kbd/f0_not0001350 (kbd/N3)
     LUT4:I3->O            1   0.551   0.801  kbd/f0_not000139 (kbd/f0_not0001)
     FDCE:CE                   0.602          kbd/f0
    ----------------------------------------
    Total                      7.466ns (3.627ns logic, 3.839ns route)
                                       (48.6% logic, 51.4% route)

=========================================================================
Timing constraint: Default OFFSET OUT AFTER for Clock 'clk'
  Total number of paths / destination ports: 339 / 16
-------------------------------------------------------------------------
Offset:              14.178ns (Levels of Logic = 5)
  Source:            kbd/scancode_2 (FF)
  Destination:       left<3> (PAD)
  Source Clock:      clk rising

  Data Path: kbd/scancode_2 to left<3>
                                Gate     Net
    Cell:in->out      fanout   Delay   Delay  Logical Name (Net Name)
    ----------------------------------------  ------------
     FDCE:C->Q             4   0.720   1.256  kbd/scancode_2 (kbd/scancode_2)
     LUT2:I0->O            6   0.551   1.342  current/ss_and00001 (current/ss_and0000)
     LUT4:I0->O            6   0.551   1.071  current/ss<2>21 (N16)
     LUT4:I2->O            1   0.551   1.140  current/ss<3>_SW0 (N40)
     LUT4:I0->O            1   0.551   0.801  current/ss<3> (left_3_OBUF)
     OBUF:I->O                 5.644          left_3_OBUF (left<3>)
    ----------------------------------------
    Total                     14.178ns (8.568ns logic, 5.610ns route)
                                       (60.4% logic, 39.6% route)

=========================================================================


Total REAL time to Xst completion: 8.00 secs
Total CPU time to Xst completion: 8.36 secs
 
--> 

Total memory usage is 132696 kilobytes

Number of errors   :    0 (   0 filtered)
Number of warnings :    0 (   0 filtered)
Number of infos    :    0 (   0 filtered)

