Release 13.1 - xst O.40d (nt)
Copyright (c) 1995-2011 Xilinx, Inc.  All rights reserved.
--> Parameter TMPDIR set to xst/projnav.tmp


Total REAL time to Xst completion: 0.00 secs
Total CPU time to Xst completion: 0.25 secs
 
--> Parameter xsthdpdir set to xst


Total REAL time to Xst completion: 0.00 secs
Total CPU time to Xst completion: 0.25 secs
 
--> Reading design: secondcounter.prj

TABLE OF CONTENTS
  1) Synthesis Options Summary
  2) HDL Compilation
  3) Design Hierarchy Analysis
  4) HDL Analysis
  5) HDL Synthesis
     5.1) HDL Synthesis Report
  6) Advanced HDL Synthesis
     6.1) Advanced HDL Synthesis Report
  7) Low Level Synthesis
  8) Partition Report
  9) Final Report
	9.1) Device utilization summary
	9.2) Partition Resource Summary
	9.3) TIMING REPORT


=========================================================================
*                      Synthesis Options Summary                        *
=========================================================================
---- Source Parameters
Input File Name                    : "secondcounter.prj"
Input Format                       : mixed
Ignore Synthesis Constraint File   : NO

---- Target Parameters
Output File Name                   : "secondcounter"
Output Format                      : NGC
Target Device                      : xc3s1000-4-ft256

---- Source Options
Top Module Name                    : secondcounter
Automatic FSM Extraction           : YES
FSM Encoding Algorithm             : Auto
Safe Implementation                : No
FSM Style                          : LUT
RAM Extraction                     : Yes
RAM Style                          : Auto
ROM Extraction                     : Yes
Mux Style                          : Auto
Decoder Extraction                 : YES
Priority Encoder Extraction        : Yes
Shift Register Extraction          : YES
Logical Shifter Extraction         : YES
XOR Collapsing                     : YES
ROM Style                          : Auto
Mux Extraction                     : Yes
Resource Sharing                   : YES
Asynchronous To Synchronous        : NO
Multiplier Style                   : Auto
Automatic Register Balancing       : No

---- Target Options
Add IO Buffers                     : YES
Global Maximum Fanout              : 500
Add Generic Clock Buffer(BUFG)     : 8
Register Duplication               : YES
Slice Packing                      : YES
Optimize Instantiated Primitives   : NO
Use Clock Enable                   : Yes
Use Synchronous Set                : Yes
Use Synchronous Reset              : Yes
Pack IO Registers into IOBs        : Auto
Equivalent register Removal        : YES

---- General Options
Optimization Goal                  : Speed
Optimization Effort                : 1
Keep Hierarchy                     : No
Netlist Hierarchy                  : As_Optimized
RTL Output                         : Yes
Global Optimization                : AllClockNets
Read Cores                         : YES
Write Timing Constraints           : NO
Cross Clock Analysis               : NO
Hierarchy Separator                : /
Bus Delimiter                      : <>
Case Specifier                     : Maintain
Slice Utilization Ratio            : 100
BRAM Utilization Ratio             : 100
Verilog 2001                       : YES
Auto BRAM Packing                  : NO
Slice Utilization Ratio Delta      : 5

=========================================================================


=========================================================================
*                          HDL Compilation                              *
=========================================================================
Compiling verilog file "singleseconds.v" in library work
Module <singleseconds> compiled
Module <tenthsofseconds> compiled
Module <secondcounter> compiled
No errors in compilation
Analysis of file <"secondcounter.prj"> succeeded.
 

=========================================================================
*                     Design Hierarchy Analysis                         *
=========================================================================
Analyzing hierarchy for module <secondcounter> in library <work>.

Analyzing hierarchy for module <singleseconds> in library <work>.

Analyzing hierarchy for module <tenthsofseconds> in library <work>.


=========================================================================
*                            HDL Analysis                               *
=========================================================================
Analyzing top module <secondcounter>.
Module <secondcounter> is correct for synthesis.
 
Analyzing module <singleseconds> in library <work>.
Module <singleseconds> is correct for synthesis.
 
Analyzing module <tenthsofseconds> in library <work>.
Module <tenthsofseconds> is correct for synthesis.
 

=========================================================================
*                           HDL Synthesis                               *
=========================================================================

Performing bidirectional port resolution...

Synthesizing Unit <singleseconds>.
    Related source file is "singleseconds.v".
    Found 4-bit up counter for signal <ss>.
    Summary:
	inferred   1 Counter(s).
Unit <singleseconds> synthesized.


Synthesizing Unit <tenthsofseconds>.
    Related source file is "singleseconds.v".
    Found 3-bit up counter for signal <ts>.
    Summary:
	inferred   1 Counter(s).
Unit <tenthsofseconds> synthesized.


Synthesizing Unit <secondcounter>.
    Related source file is "singleseconds.v".
    Found 4-bit register for signal <ss>.
    Found 3-bit register for signal <ts>.
    Found 1-bit register for signal <pause_state>.
    Found 4-bit register for signal <ss_saved>.
    Found 3-bit register for signal <ts_saved>.
    Summary:
	inferred  15 D-type flip-flop(s).
Unit <secondcounter> synthesized.


=========================================================================
HDL Synthesis Report

Macro Statistics
# Counters                                             : 2
 3-bit up counter                                      : 1
 4-bit up counter                                      : 1
# Registers                                            : 5
 1-bit register                                        : 1
 3-bit register                                        : 2
 4-bit register                                        : 2

=========================================================================

=========================================================================
*                       Advanced HDL Synthesis                          *
=========================================================================


=========================================================================
Advanced HDL Synthesis Report

Macro Statistics
# Counters                                             : 2
 3-bit up counter                                      : 1
 4-bit up counter                                      : 1
# Registers                                            : 15
 Flip-Flops                                            : 15

=========================================================================

=========================================================================
*                         Low Level Synthesis                           *
=========================================================================

Optimizing unit <secondcounter> ...

Mapping all equations...
Building and optimizing final netlist ...
Found area constraint ratio of 100 (+ 5) on block secondcounter, actual ratio is 0.

Final Macro Processing ...

=========================================================================
Final Register Report

Macro Statistics
# Registers                                            : 22
 Flip-Flops                                            : 22

=========================================================================

=========================================================================
*                           Partition Report                            *
=========================================================================

Partition Implementation Status
-------------------------------

  No Partitions were found in this design.

-------------------------------

=========================================================================
*                            Final Report                               *
=========================================================================
Final Results
RTL Top Level Output File Name     : secondcounter.ngr
Top Level Output File Name         : secondcounter
Output Format                      : NGC
Optimization Goal                  : Speed
Keep Hierarchy                     : No

Design Statistics
# IOs                              : 11

Cell Usage :
# BELS                             : 19
#      INV                         : 2
#      LUT2                        : 3
#      LUT2_L                      : 1
#      LUT3                        : 3
#      LUT4                        : 10
# FlipFlops/Latches                : 22
#      FDCE                        : 22
# Clock Buffers                    : 1
#      BUFGP                       : 1
# IO Buffers                       : 10
#      IBUF                        : 3
#      OBUF                        : 7
=========================================================================

Device utilization summary:
---------------------------

Selected Device : 3s1000ft256-4 

 Number of Slices:                       14  out of   7680     0%  
 Number of Slice Flip Flops:             22  out of  15360     0%  
 Number of 4 input LUTs:                 19  out of  15360     0%  
 Number of IOs:                          11
 Number of bonded IOBs:                  11  out of    173     6%  
 Number of GCLKs:                         1  out of      8    12%  

---------------------------
Partition Resource Summary:
---------------------------

  No Partitions were found in this design.

---------------------------


=========================================================================
TIMING REPORT

NOTE: THESE TIMING NUMBERS ARE ONLY A SYNTHESIS ESTIMATE.
      FOR ACCURATE TIMING INFORMATION PLEASE REFER TO THE TRACE REPORT
      GENERATED AFTER PLACE-and-ROUTE.

Clock Information:
------------------
-----------------------------------+------------------------+-------+
Clock Signal                       | Clock buffer(FF name)  | Load  |
-----------------------------------+------------------------+-------+
clk                                | BUFGP                  | 22    |
-----------------------------------+------------------------+-------+

Asynchronous Control Signals Information:
----------------------------------------
-----------------------------------+------------------------+-------+
Control Signal                     | Buffer(FF name)        | Load  |
-----------------------------------+------------------------+-------+
reset                              | IBUF                   | 22    |
-----------------------------------+------------------------+-------+

Timing Summary:
---------------
Speed Grade: -4

   Minimum period: 4.718ns (Maximum Frequency: 211.954MHz)
   Minimum input arrival time before clock: 4.818ns
   Maximum output required time after clock: 7.165ns
   Maximum combinational path delay: No path found

Timing Detail:
--------------
All values displayed in nanoseconds (ns)

=========================================================================
Timing constraint: Default period analysis for Clock 'clk'
  Clock period: 4.718ns (frequency: 211.954MHz)
  Total number of paths / destination ports: 75 / 40
-------------------------------------------------------------------------
Delay:               4.718ns (Levels of Logic = 2)
  Source:            i0/ss_0 (FF)
  Destination:       i1/ts_0 (FF)
  Source Clock:      clk rising
  Destination Clock: clk rising

  Data Path: i0/ss_0 to i1/ts_0
                                Gate     Net
    Cell:in->out      fanout   Delay   Delay  Logical Name (Net Name)
    ----------------------------------------  ------------
     FDCE:C->Q             7   0.720   1.261  i0/ss_0 (i0/ss_0)
     LUT2_L:I1->LO         1   0.551   0.126  _and0000_SW0 (N4)
     LUT4:I3->O            3   0.551   0.907  _and0000 (_and0000)
     FDCE:CE                   0.602          i1/ts_0
    ----------------------------------------
    Total                      4.718ns (2.424ns logic, 2.294ns route)
                                       (51.4% logic, 48.6% route)

=========================================================================
Timing constraint: Default OFFSET IN BEFORE for Clock 'clk'
  Total number of paths / destination ports: 30 / 30
-------------------------------------------------------------------------
Offset:              4.818ns (Levels of Logic = 3)
  Source:            enable (PAD)
  Destination:       i1/ts_0 (FF)
  Destination Clock: clk rising

  Data Path: enable to i1/ts_0
                                Gate     Net
    Cell:in->out      fanout   Delay   Delay  Logical Name (Net Name)
    ----------------------------------------  ------------
     IBUF:I->O             5   0.821   1.260  enable_IBUF (enable_IBUF)
     LUT2_L:I0->LO         1   0.551   0.126  _and0000_SW0 (N4)
     LUT4:I3->O            3   0.551   0.907  _and0000 (_and0000)
     FDCE:CE                   0.602          i1/ts_0
    ----------------------------------------
    Total                      4.818ns (2.525ns logic, 2.293ns route)
                                       (52.4% logic, 47.6% route)

=========================================================================
Timing constraint: Default OFFSET OUT AFTER for Clock 'clk'
  Total number of paths / destination ports: 7 / 7
-------------------------------------------------------------------------
Offset:              7.165ns (Levels of Logic = 1)
  Source:            ss_3 (FF)
  Destination:       ss<3> (PAD)
  Source Clock:      clk rising

  Data Path: ss_3 to ss<3>
                                Gate     Net
    Cell:in->out      fanout   Delay   Delay  Logical Name (Net Name)
    ----------------------------------------  ------------
     FDCE:C->Q             1   0.720   0.801  ss_3 (ss_3)
     OBUF:I->O                 5.644          ss_3_OBUF (ss<3>)
    ----------------------------------------
    Total                      7.165ns (6.364ns logic, 0.801ns route)
                                       (88.8% logic, 11.2% route)

=========================================================================


Total REAL time to Xst completion: 7.00 secs
Total CPU time to Xst completion: 7.48 secs
 
--> 

Total memory usage is 132696 kilobytes

Number of errors   :    0 (   0 filtered)
Number of warnings :    0 (   0 filtered)
Number of infos    :    0 (   0 filtered)

