Release 13.1 - xst O.40d (nt)
Copyright (c) 1995-2011 Xilinx, Inc.  All rights reserved.
--> Parameter TMPDIR set to xst/projnav.tmp


Total REAL time to Xst completion: 0.00 secs
Total CPU time to Xst completion: 0.25 secs
 
--> Parameter xsthdpdir set to xst


Total REAL time to Xst completion: 0.00 secs
Total CPU time to Xst completion: 0.25 secs
 
--> Reading design: tops.prj

TABLE OF CONTENTS
  1) Synthesis Options Summary
  2) HDL Compilation
  3) Design Hierarchy Analysis
  4) HDL Analysis
  5) HDL Synthesis
     5.1) HDL Synthesis Report
  6) Advanced HDL Synthesis
     6.1) Advanced HDL Synthesis Report
  7) Low Level Synthesis
  8) Partition Report
  9) Final Report
	9.1) Device utilization summary
	9.2) Partition Resource Summary
	9.3) TIMING REPORT


=========================================================================
*                      Synthesis Options Summary                        *
=========================================================================
---- Source Parameters
Input File Name                    : "tops.prj"
Input Format                       : mixed
Ignore Synthesis Constraint File   : NO

---- Target Parameters
Output File Name                   : "tops"
Output Format                      : NGC
Target Device                      : xc3s1000-4-ft256

---- Source Options
Top Module Name                    : tops
Automatic FSM Extraction           : YES
FSM Encoding Algorithm             : Auto
Safe Implementation                : No
FSM Style                          : LUT
RAM Extraction                     : Yes
RAM Style                          : Auto
ROM Extraction                     : Yes
Mux Style                          : Auto
Decoder Extraction                 : YES
Priority Encoder Extraction        : Yes
Shift Register Extraction          : YES
Logical Shifter Extraction         : YES
XOR Collapsing                     : YES
ROM Style                          : Auto
Mux Extraction                     : Yes
Resource Sharing                   : YES
Asynchronous To Synchronous        : NO
Multiplier Style                   : Auto
Automatic Register Balancing       : No

---- Target Options
Add IO Buffers                     : YES
Global Maximum Fanout              : 500
Add Generic Clock Buffer(BUFG)     : 8
Register Duplication               : YES
Slice Packing                      : YES
Optimize Instantiated Primitives   : NO
Use Clock Enable                   : Yes
Use Synchronous Set                : Yes
Use Synchronous Reset              : Yes
Pack IO Registers into IOBs        : Auto
Equivalent register Removal        : YES

---- General Options
Optimization Goal                  : Speed
Optimization Effort                : 1
Keep Hierarchy                     : No
Netlist Hierarchy                  : As_Optimized
RTL Output                         : Yes
Global Optimization                : AllClockNets
Read Cores                         : YES
Write Timing Constraints           : NO
Cross Clock Analysis               : NO
Hierarchy Separator                : /
Bus Delimiter                      : <>
Case Specifier                     : Maintain
Slice Utilization Ratio            : 100
BRAM Utilization Ratio             : 100
Verilog 2001                       : YES
Auto BRAM Packing                  : NO
Slice Utilization Ratio Delta      : 5

=========================================================================


=========================================================================
*                          HDL Compilation                              *
=========================================================================
Compiling verilog file "singleseconds.v" in library work
Module <singleseconds> compiled
Module <tenthsofseconds> compiled
Compiling verilog file "cnt25.v" in library work
Module <secondcounter> compiled
Module <cnt25> compiled
Module <cnt8b> compiled
Compiling verilog file "bin_2_7.v" in library work
Module <OneHertz> compiled
Compiling verilog file "tops.v" in library work
Module <bin_2_7> compiled
Module <tops> compiled
No errors in compilation
Analysis of file <"tops.prj"> succeeded.
 

=========================================================================
*                     Design Hierarchy Analysis                         *
=========================================================================
Analyzing hierarchy for module <tops> in library <work>.

Analyzing hierarchy for module <OneHertz> in library <work>.

Analyzing hierarchy for module <secondcounter> in library <work>.

Analyzing hierarchy for module <bin_2_7> in library <work>.

Analyzing hierarchy for module <cnt25> in library <work>.

Analyzing hierarchy for module <cnt8b> in library <work>.

Analyzing hierarchy for module <singleseconds> in library <work>.

Analyzing hierarchy for module <tenthsofseconds> in library <work>.


=========================================================================
*                            HDL Analysis                               *
=========================================================================
Analyzing top module <tops>.
Module <tops> is correct for synthesis.
 
Analyzing module <OneHertz> in library <work>.
Module <OneHertz> is correct for synthesis.
 
Analyzing module <cnt25> in library <work>.
Module <cnt25> is correct for synthesis.
 
Analyzing module <cnt8b> in library <work>.
Module <cnt8b> is correct for synthesis.
 
Analyzing module <secondcounter> in library <work>.
Module <secondcounter> is correct for synthesis.
 
Analyzing module <singleseconds> in library <work>.
Module <singleseconds> is correct for synthesis.
 
Analyzing module <tenthsofseconds> in library <work>.
Module <tenthsofseconds> is correct for synthesis.
 
Analyzing module <bin_2_7> in library <work>.
Module <bin_2_7> is correct for synthesis.
 

=========================================================================
*                           HDL Synthesis                               *
=========================================================================

Performing bidirectional port resolution...

Synthesizing Unit <bin_2_7>.
    Related source file is "bin_2_7.v".
    Found 16x7-bit ROM for signal <s>.
    Summary:
	inferred   1 ROM(s).
Unit <bin_2_7> synthesized.


Synthesizing Unit <cnt25>.
    Related source file is "cnt25.v".
    Found 6-bit up counter for signal <cnt>.
    Summary:
	inferred   1 Counter(s).
Unit <cnt25> synthesized.


Synthesizing Unit <cnt8b>.
    Related source file is "cnt25.v".
    Found 8-bit up counter for signal <cnt>.
    Summary:
	inferred   1 Counter(s).
Unit <cnt8b> synthesized.


Synthesizing Unit <singleseconds>.
    Related source file is "singleseconds.v".
    Found 4-bit up counter for signal <ss>.
    Summary:
	inferred   1 Counter(s).
Unit <singleseconds> synthesized.


Synthesizing Unit <tenthsofseconds>.
    Related source file is "singleseconds.v".
    Found 3-bit up counter for signal <ts>.
    Summary:
	inferred   1 Counter(s).
Unit <tenthsofseconds> synthesized.


Synthesizing Unit <OneHertz>.
    Related source file is "cnt25.v".
Unit <OneHertz> synthesized.


Synthesizing Unit <secondcounter>.
    Related source file is "singleseconds.v".
    Found 4-bit register for signal <ss>.
    Found 3-bit register for signal <ts>.
    Found 1-bit register for signal <pause_state>.
    Found 4-bit register for signal <ss_saved>.
    Found 3-bit register for signal <ts_saved>.
    Summary:
	inferred  15 D-type flip-flop(s).
Unit <secondcounter> synthesized.


Synthesizing Unit <tops>.
    Related source file is "tops.v".
Unit <tops> synthesized.


=========================================================================
HDL Synthesis Report

Macro Statistics
# ROMs                                                 : 2
 16x7-bit ROM                                          : 2
# Counters                                             : 7
 3-bit up counter                                      : 1
 4-bit up counter                                      : 1
 6-bit up counter                                      : 4
 8-bit up counter                                      : 1
# Registers                                            : 5
 1-bit register                                        : 1
 3-bit register                                        : 2
 4-bit register                                        : 2

=========================================================================

=========================================================================
*                       Advanced HDL Synthesis                          *
=========================================================================


=========================================================================
Advanced HDL Synthesis Report

Macro Statistics
# ROMs                                                 : 2
 16x7-bit ROM                                          : 2
# Counters                                             : 7
 3-bit up counter                                      : 1
 4-bit up counter                                      : 1
 6-bit up counter                                      : 4
 8-bit up counter                                      : 1
# Registers                                            : 15
 Flip-Flops                                            : 15

=========================================================================

=========================================================================
*                         Low Level Synthesis                           *
=========================================================================

Optimizing unit <tops> ...

Optimizing unit <OneHertz> ...

Optimizing unit <secondcounter> ...

Mapping all equations...
Building and optimizing final netlist ...
Found area constraint ratio of 100 (+ 5) on block tops, actual ratio is 0.

Final Macro Processing ...

=========================================================================
Final Register Report

Macro Statistics
# Registers                                            : 54
 Flip-Flops                                            : 54

=========================================================================

=========================================================================
*                           Partition Report                            *
=========================================================================

Partition Implementation Status
-------------------------------

  No Partitions were found in this design.

-------------------------------

=========================================================================
*                            Final Report                               *
=========================================================================
Final Results
RTL Top Level Output File Name     : tops.ngr
Top Level Output File Name         : tops
Output Format                      : NGC
Optimization Goal                  : Speed
Keep Hierarchy                     : No

Design Statistics
# IOs                              : 17

Cell Usage :
# BELS                             : 105
#      GND                         : 1
#      INV                         : 3
#      LUT1                        : 7
#      LUT2                        : 13
#      LUT3                        : 19
#      LUT3_D                      : 4
#      LUT4                        : 32
#      LUT4_D                      : 10
#      MUXCY                       : 7
#      VCC                         : 1
#      XORCY                       : 8
# FlipFlops/Latches                : 54
#      FDCE                        : 54
# Clock Buffers                    : 1
#      BUFGP                       : 1
# IO Buffers                       : 16
#      IBUF                        : 2
#      OBUF                        : 14
=========================================================================

Device utilization summary:
---------------------------

Selected Device : 3s1000ft256-4 

 Number of Slices:                       47  out of   7680     0%  
 Number of Slice Flip Flops:             54  out of  15360     0%  
 Number of 4 input LUTs:                 88  out of  15360     0%  
 Number of IOs:                          17
 Number of bonded IOBs:                  17  out of    173     9%  
 Number of GCLKs:                         1  out of      8    12%  

---------------------------
Partition Resource Summary:
---------------------------

  No Partitions were found in this design.

---------------------------


=========================================================================
TIMING REPORT

NOTE: THESE TIMING NUMBERS ARE ONLY A SYNTHESIS ESTIMATE.
      FOR ACCURATE TIMING INFORMATION PLEASE REFER TO THE TRACE REPORT
      GENERATED AFTER PLACE-and-ROUTE.

Clock Information:
------------------
-----------------------------------+------------------------+-------+
Clock Signal                       | Clock buffer(FF name)  | Load  |
-----------------------------------+------------------------+-------+
clk                                | BUFGP                  | 54    |
-----------------------------------+------------------------+-------+

Asynchronous Control Signals Information:
----------------------------------------
-----------------------------------+------------------------+-------+
Control Signal                     | Buffer(FF name)        | Load  |
-----------------------------------+------------------------+-------+
reset                              | IBUF                   | 54    |
-----------------------------------+------------------------+-------+

Timing Summary:
---------------
Speed Grade: -4

   Minimum period: 8.132ns (Maximum Frequency: 122.971MHz)
   Minimum input arrival time before clock: 4.386ns
   Maximum output required time after clock: 9.121ns
   Maximum combinational path delay: No path found

Timing Detail:
--------------
All values displayed in nanoseconds (ns)

=========================================================================
Timing constraint: Default period analysis for Clock 'clk'
  Clock period: 8.132ns (frequency: 122.971MHz)
  Total number of paths / destination ports: 959 / 102
-------------------------------------------------------------------------
Delay:               8.132ns (Levels of Logic = 4)
  Source:            i0/i1/cnt_2 (FF)
  Destination:       i1/i0/ss_3 (FF)
  Source Clock:      clk rising
  Destination Clock: clk rising

  Data Path: i0/i1/cnt_2 to i1/i0/ss_3
                                Gate     Net
    Cell:in->out      fanout   Delay   Delay  Logical Name (Net Name)
    ----------------------------------------  ------------
     FDCE:C->Q             4   0.720   1.256  i0/i1/cnt_2 (i0/i1/cnt_2)
     LUT3_D:I0->LO         1   0.551   0.126  i0/i1/clkdiv25_SW0 (N34)
     LUT4:I3->O            6   0.551   1.198  i0/i1/clkdiv25 (i0/second)
     LUT3:I1->O            8   0.551   1.109  i0/en_nxt11 (i0/_and0001)
     LUT4:I3->O            4   0.551   0.917  i0/en_nxt27 (en_nxt)
     FDCE:CE                   0.602          i1/i0/ss_0
    ----------------------------------------
    Total                      8.132ns (3.526ns logic, 4.606ns route)
                                       (43.4% logic, 56.6% route)

=========================================================================
Timing constraint: Default OFFSET IN BEFORE for Clock 'clk'
  Total number of paths / destination ports: 23 / 23
-------------------------------------------------------------------------
Offset:              4.386ns (Levels of Logic = 2)
  Source:            pause (PAD)
  Destination:       i1/ss_saved_3 (FF)
  Destination Clock: clk rising

  Data Path: pause to i1/ss_saved_3
                                Gate     Net
    Cell:in->out      fanout   Delay   Delay  Logical Name (Net Name)
    ----------------------------------------  ------------
     IBUF:I->O            10   0.821   1.329  pause_IBUF (pause_IBUF)
     LUT2:I1->O            8   0.551   1.083  i1/ts_saved_and00001 (i1/ts_saved_and0000)
     FDCE:CE                   0.602          i1/ts_saved_0
    ----------------------------------------
    Total                      4.386ns (1.974ns logic, 2.412ns route)
                                       (45.0% logic, 55.0% route)

=========================================================================
Timing constraint: Default OFFSET OUT AFTER for Clock 'clk'
  Total number of paths / destination ports: 49 / 14
-------------------------------------------------------------------------
Offset:              9.121ns (Levels of Logic = 2)
  Source:            i1/ss_3 (FF)
  Destination:       right<6> (PAD)
  Source Clock:      clk rising

  Data Path: i1/ss_3 to right<6>
                                Gate     Net
    Cell:in->out      fanout   Delay   Delay  Logical Name (Net Name)
    ----------------------------------------  ------------
     FDCE:C->Q             7   0.720   1.405  i1/ss_3 (i1/ss_3)
     LUT4:I0->O            1   0.551   0.801  rt/Mrom_s41 (right_4_OBUF)
     OBUF:I->O                 5.644          right_4_OBUF (right<4>)
    ----------------------------------------
    Total                      9.121ns (6.915ns logic, 2.206ns route)
                                       (75.8% logic, 24.2% route)

=========================================================================


Total REAL time to Xst completion: 9.00 secs
Total CPU time to Xst completion: 8.66 secs
 
--> 

Total memory usage is 133720 kilobytes

Number of errors   :    0 (   0 filtered)
Number of warnings :    0 (   0 filtered)
Number of infos    :    0 (   0 filtered)

