--------------------------------------------------------------------------------
Release 13.1 Trace  (nt)
Copyright (c) 1995-2011 Xilinx, Inc.  All rights reserved.

C:\Xilinx\13.1\ISE_DS\ISE\bin\nt\unwrapped\trce.exe -intstyle ise -v 3 -s 4 -n
3 -fastpaths -xml tops.twx tops.ncd -o tops.twr tops.pcf -ucf tops.ucf

Design file:              tops.ncd
Physical constraint file: tops.pcf
Device,package,speed:     xc3s1000,ft256,-4 (PRODUCTION 1.39 2011-02-03)
Report level:             verbose report

Environment Variable      Effect 
--------------------      ------ 
NONE                      No environment variables were set
--------------------------------------------------------------------------------

INFO:Timing:2698 - No timing constraints found, doing default enumeration.
INFO:Timing:2752 - To get complete path coverage, use the unconstrained paths 
   option. All paths that are not constrained will be reported in the 
   unconstrained paths section(s) of the report.
INFO:Timing:3339 - The clock-to-out numbers in this timing report are based on 
   a 50 Ohm transmission line loading model.  For the details of this model, 
   and for more information on accounting for different loading conditions, 
   please see the device datasheet.
INFO:Timing:3390 - This architecture does not support a default System Jitter 
   value, please add SYSTEM_JITTER constraint to the UCF to modify the Clock 
   Uncertainty calculation.
INFO:Timing:3389 - This architecture does not support 'Discrete Jitter' and 
   'Phase Error' calculations, these terms will be zero in the Clock 
   Uncertainty calculation.  Please make appropriate modification to 
   SYSTEM_JITTER to account for the unsupported Discrete Jitter and Phase 
   Error.



Data Sheet report:
-----------------
All values displayed in nanoseconds (ns)

Setup/Hold to clock clk
------------+------------+------------+------------------+--------+
            |Max Setup to|Max Hold to |                  | Clock  |
Source      | clk (edge) | clk (edge) |Internal Clock(s) | Phase  |
------------+------------+------------+------------------+--------+
pause       |    7.198(R)|   -1.200(R)|clk_BUFGP         |   0.000|
------------+------------+------------+------------------+--------+

Clock clk to Pad
------------+------------+------------------+--------+
            | clk (edge) |                  | Clock  |
Destination |   to PAD   |Internal Clock(s) | Phase  |
------------+------------+------------------+--------+
left<0>     |   13.395(R)|clk_BUFGP         |   0.000|
left<1>     |   14.535(R)|clk_BUFGP         |   0.000|
left<2>     |   13.462(R)|clk_BUFGP         |   0.000|
left<3>     |   12.612(R)|clk_BUFGP         |   0.000|
left<4>     |   13.630(R)|clk_BUFGP         |   0.000|
left<5>     |   12.350(R)|clk_BUFGP         |   0.000|
left<6>     |   13.672(R)|clk_BUFGP         |   0.000|
right<0>    |   14.247(R)|clk_BUFGP         |   0.000|
right<1>    |   13.905(R)|clk_BUFGP         |   0.000|
right<2>    |   13.399(R)|clk_BUFGP         |   0.000|
right<3>    |   13.521(R)|clk_BUFGP         |   0.000|
right<4>    |   13.765(R)|clk_BUFGP         |   0.000|
right<5>    |   13.699(R)|clk_BUFGP         |   0.000|
right<6>    |   14.732(R)|clk_BUFGP         |   0.000|
------------+------------+------------------+--------+

Clock to Setup on destination clock clk
---------------+---------+---------+---------+---------+
               | Src:Rise| Src:Fall| Src:Rise| Src:Fall|
Source Clock   |Dest:Rise|Dest:Rise|Dest:Fall|Dest:Fall|
---------------+---------+---------+---------+---------+
clk            |    6.465|         |         |         |
---------------+---------+---------+---------+---------+


Analysis completed Mon Sep 09 18:34:07 2024 
--------------------------------------------------------------------------------

Trace Settings:
-------------------------
Trace Settings 

Peak Memory Usage: 85 MB



