AutoECO Report
FILE-A: C:\DOCUMENTS AND SETTINGS\TASOS\MY DOCUMENTS\LAB3_NEW\DESIGN1.MAX
FILE-B: C:\DOCUMENTS AND SETTINGS\TASOS\MY DOCUMENTS\LAB3\DESIGN1.MNL
If "*EOF*" immediately follows, no changes were made
Adding package 74LS32
Adding package 74LS08
Adding package 74LS00
Adding package 74LS04
Adding package 74LS86
Adding package 74LS02
Adding component U17
Found footprint DIP.100/14/W.300/L.750 from PRT file for part 74LS32, comp U17
Adding component U15
Adding component U9
Adding component U14
Adding component U1
Adding component U4
Adding component U3
Adding component U10
Adding component U2
Adding component U8
Adding component U5
Adding component U7
Adding component U6
Adding component U12
Adding component U13
Adding component U16
Adding component U11
Adding net N16526
Adding net N16903
Adding net N11944
Adding net N08958
Adding net N14828
Adding net N16899
Adding net N17331
Adding net N16913
Adding net N16574
Adding net N17389
Adding net N11588
Adding net N17347
Adding net N17431
Adding net N17019
Adding net N16588
Adding net N16448
Adding net N16488
Adding net N16452
Adding net N16911
Adding net N16919
Adding net N16957
Adding net N16975
Adding net N16510
Adding net N16480
Adding net N17327
Adding net N17423
Adding net N10170
Adding net N13494
Adding net N16520
Adding net N17403
Adding net N17467
Adding net N16879
Adding net N17005
Adding net N11765
Adding net N10869
Adding net N16552
Adding net N17351
Adding net N17497
Adding net N08709
Adding net N16548
Adding net N17405
Adding net N17399
Adding net N16941
Adding net N16951
Adding net N16983
Adding net N17453
Adding net N16979
Adding net N10600
Adding net N17367
Adding net N08628
Adding net N07558
Adding net N08124
Adding net N17427
Adding net N08298
Adding net N16618
Adding net N10771
Adding net N07403
Adding net N16544
Adding net N17359
Adding net N17049
Adding net VCC
Adding net GND
Adding net N13015
Adding net N16482
Adding net N16883
Adding net N16955
Adding net N16472
Adding net N16468
Adding net N17361
Adding net N16524
Deleting component P1
Deleting net DEFAULT
*EOF*
No errors found
