Sat Mar 23 09:20:45 Saved as file C:\DOCUMENTS AND SETTINGS\TASOS\MY DOCUMENTS\LAB3_NEW\DESIGN1.MAX
Sat Mar 23 09:20:45 Saved as file BACKUP1.MAX
Sat Mar 23 09:20:45 Saved as file C:\DOCUMENTS AND SETTINGS\TASOS\MY DOCUMENTS\LAB3_NEW\DESIGN1.MAX
Sat Mar 23 09:20:46 UserDiv from Layout.INI for AutoECO: 60
Sat Mar 23 09:20:46 Loaded file C:\DOCUMENTS AND SETTINGS\TASOS\MY DOCUMENTS\LAB3_NEW\DESIGN1.MAX
Sat Mar 23 09:20:46 Loaded file C:\ORCADWIN\LAYOUT\LIBRARY\TO.LLB
Sat Mar 23 09:20:46 Loaded file C:\ORCADWIN\LAYOUT\LIBRARY\SOJ.LLB
Sat Mar 23 09:20:46 Loaded file C:\ORCADWIN\LAYOUT\LIBRARY\DIP100T.LLB
Sat Mar 23 09:20:46 Loaded file C:\ORCADWIN\LAYOUT\LIBRARY\DIP100B.LLB
Sat Mar 23 09:20:46 Loaded file C:\ORCADWIN\LAYOUT\LIBRARY\DSUBT.LLB
Sat Mar 23 09:20:46 Loaded file C:\ORCADWIN\LAYOUT\LIBRARY\JUMPER.LLB
Sat Mar 23 09:20:46 Loaded file C:\ORCADWIN\LAYOUT\LIBRARY\SM.LLB
Sat Mar 23 09:20:46 Loaded file C:\ORCADWIN\LAYOUT\LIBRARY\TM_CAP_P.LLB
Sat Mar 23 09:20:46 Loaded file C:\ORCADWIN\LAYOUT\library\sheet05.llb
Sat Mar 23 09:20:46 Loaded file C:\ORCADWIN\LAYOUT\LIBRARY\TO.LLB
Sat Mar 23 09:20:46 Loaded file C:\ORCADWIN\LAYOUT\LIBRARY\SOJ.LLB
Sat Mar 23 09:20:46 Loaded file C:\ORCADWIN\LAYOUT\LIBRARY\DIP100T.LLB
Sat Mar 23 09:20:46 Loaded file C:\ORCADWIN\LAYOUT\LIBRARY\DIP100B.LLB
Sat Mar 23 09:20:46 Loaded file C:\ORCADWIN\LAYOUT\LIBRARY\DSUBT.LLB
Sat Mar 23 09:20:46 Loaded file C:\ORCADWIN\LAYOUT\LIBRARY\JUMPER.LLB
Sat Mar 23 09:20:46 Loaded file C:\ORCADWIN\LAYOUT\LIBRARY\SM.LLB
Sat Mar 23 09:20:46 Loaded file C:\ORCADWIN\LAYOUT\LIBRARY\TM_CAP_P.LLB
Sat Mar 23 09:20:46 Loaded file C:\ORCADWIN\LAYOUT\library\sheet05.llb
Sat Mar 23 09:20:46 Unable to find Alternate Footprint: SOG.050/14/WG.244/L.375
Sat Mar 23 09:20:46 Loaded file C:\ORCADWIN\LAYOUT\LIBRARY\DIP100T.LLB
Sat Mar 23 09:20:46 Loaded file C:\ORCADWIN\LAYOUT\LIBRARY\TO.LLB
Sat Mar 23 09:20:46 Loaded file C:\ORCADWIN\LAYOUT\LIBRARY\SOJ.LLB
Sat Mar 23 09:20:46 Loaded file C:\ORCADWIN\LAYOUT\LIBRARY\DIP100T.LLB
Sat Mar 23 09:20:46 Loaded file C:\ORCADWIN\LAYOUT\LIBRARY\DIP100B.LLB
Sat Mar 23 09:20:46 Loaded file C:\ORCADWIN\LAYOUT\LIBRARY\DSUBT.LLB
Sat Mar 23 09:20:46 Loaded file C:\ORCADWIN\LAYOUT\LIBRARY\JUMPER.LLB
Sat Mar 23 09:20:46 Loaded file C:\ORCADWIN\LAYOUT\LIBRARY\SM.LLB
Sat Mar 23 09:20:46 Loaded file C:\ORCADWIN\LAYOUT\LIBRARY\TM_CAP_P.LLB
Sat Mar 23 09:20:46 Loaded file C:\ORCADWIN\LAYOUT\library\sheet05.llb
Sat Mar 23 09:20:46 Unable to find Alternate Footprint: SOG.050/14/WG.244/L.375
Sat Mar 23 09:20:46 Loaded file C:\ORCADWIN\LAYOUT\LIBRARY\TO.LLB
Sat Mar 23 09:20:46 Loaded file C:\ORCADWIN\LAYOUT\LIBRARY\SOJ.LLB
Sat Mar 23 09:20:46 Loaded file C:\ORCADWIN\LAYOUT\LIBRARY\DIP100T.LLB
Sat Mar 23 09:20:46 Loaded file C:\ORCADWIN\LAYOUT\LIBRARY\DIP100B.LLB
Sat Mar 23 09:20:46 Loaded file C:\ORCADWIN\LAYOUT\LIBRARY\DSUBT.LLB
Sat Mar 23 09:20:46 Loaded file C:\ORCADWIN\LAYOUT\LIBRARY\JUMPER.LLB
Sat Mar 23 09:20:46 Loaded file C:\ORCADWIN\LAYOUT\LIBRARY\SM.LLB
Sat Mar 23 09:20:46 Loaded file C:\ORCADWIN\LAYOUT\LIBRARY\TM_CAP_P.LLB
Sat Mar 23 09:20:46 Loaded file C:\ORCADWIN\LAYOUT\library\sheet05.llb
Sat Mar 23 09:20:46 Unable to find Alternate Footprint: SOG.050/14/WG.244/L.375
Sat Mar 23 09:20:46 Loaded file C:\ORCADWIN\LAYOUT\LIBRARY\TO.LLB
Sat Mar 23 09:20:46 Loaded file C:\ORCADWIN\LAYOUT\LIBRARY\SOJ.LLB
Sat Mar 23 09:20:46 Loaded file C:\ORCADWIN\LAYOUT\LIBRARY\DIP100T.LLB
Sat Mar 23 09:20:46 Loaded file C:\ORCADWIN\LAYOUT\LIBRARY\DIP100B.LLB
Sat Mar 23 09:20:46 Loaded file C:\ORCADWIN\LAYOUT\LIBRARY\DSUBT.LLB
Sat Mar 23 09:20:46 Loaded file C:\ORCADWIN\LAYOUT\LIBRARY\JUMPER.LLB
Sat Mar 23 09:20:46 Loaded file C:\ORCADWIN\LAYOUT\LIBRARY\SM.LLB
Sat Mar 23 09:20:46 Loaded file C:\ORCADWIN\LAYOUT\LIBRARY\TM_CAP_P.LLB
Sat Mar 23 09:20:46 Loaded file C:\ORCADWIN\LAYOUT\library\sheet05.llb
Sat Mar 23 09:20:46 Unable to find Alternate Footprint: SOG.050/14/WG.244/L.375
Sat Mar 23 09:20:46 Loaded file C:\ORCADWIN\LAYOUT\LIBRARY\TO.LLB
Sat Mar 23 09:20:46 Loaded file C:\ORCADWIN\LAYOUT\LIBRARY\SOJ.LLB
Sat Mar 23 09:20:46 Loaded file C:\ORCADWIN\LAYOUT\LIBRARY\DIP100T.LLB
Sat Mar 23 09:20:46 Loaded file C:\ORCADWIN\LAYOUT\LIBRARY\DIP100B.LLB
Sat Mar 23 09:20:46 Loaded file C:\ORCADWIN\LAYOUT\LIBRARY\DSUBT.LLB
Sat Mar 23 09:20:46 Loaded file C:\ORCADWIN\LAYOUT\LIBRARY\JUMPER.LLB
Sat Mar 23 09:20:46 Loaded file C:\ORCADWIN\LAYOUT\LIBRARY\SM.LLB
Sat Mar 23 09:20:46 Loaded file C:\ORCADWIN\LAYOUT\LIBRARY\TM_CAP_P.LLB
Sat Mar 23 09:20:46 Loaded file C:\ORCADWIN\LAYOUT\library\sheet05.llb
Sat Mar 23 09:20:46 Unable to find Alternate Footprint: SOG.050/14/WG.244/L.375
Sat Mar 23 09:20:46 Loaded file C:\ORCADWIN\LAYOUT\LIBRARY\TO.LLB
Sat Mar 23 09:20:46 Loaded file C:\ORCADWIN\LAYOUT\LIBRARY\SOJ.LLB
Sat Mar 23 09:20:46 Loaded file C:\ORCADWIN\LAYOUT\LIBRARY\DIP100T.LLB
Sat Mar 23 09:20:46 Loaded file C:\ORCADWIN\LAYOUT\LIBRARY\DIP100B.LLB
Sat Mar 23 09:20:46 Loaded file C:\ORCADWIN\LAYOUT\LIBRARY\DSUBT.LLB
Sat Mar 23 09:20:46 Loaded file C:\ORCADWIN\LAYOUT\LIBRARY\JUMPER.LLB
Sat Mar 23 09:20:46 Loaded file C:\ORCADWIN\LAYOUT\LIBRARY\SM.LLB
Sat Mar 23 09:20:46 Loaded file C:\ORCADWIN\LAYOUT\LIBRARY\TM_CAP_P.LLB
Sat Mar 23 09:20:46 Loaded file C:\ORCADWIN\LAYOUT\library\sheet05.llb
Sat Mar 23 09:20:46 Unable to find Alternate Footprint: SOG.050/14/WG.244/L.375
Sat Mar 23 09:20:46 Loaded file C:\ORCADWIN\LAYOUT\LIBRARY\TO.LLB
Sat Mar 23 09:20:46 Loaded file C:\ORCADWIN\LAYOUT\LIBRARY\SOJ.LLB
Sat Mar 23 09:20:46 Loaded file C:\ORCADWIN\LAYOUT\LIBRARY\DIP100T.LLB
Sat Mar 23 09:20:46 Loaded file C:\ORCADWIN\LAYOUT\LIBRARY\DIP100B.LLB
Sat Mar 23 09:20:46 Loaded file C:\ORCADWIN\LAYOUT\LIBRARY\DSUBT.LLB
Sat Mar 23 09:20:46 Loaded file C:\ORCADWIN\LAYOUT\LIBRARY\JUMPER.LLB
Sat Mar 23 09:20:46 Loaded file C:\ORCADWIN\LAYOUT\LIBRARY\SM.LLB
Sat Mar 23 09:20:46 Loaded file C:\ORCADWIN\LAYOUT\LIBRARY\TM_CAP_P.LLB
Sat Mar 23 09:20:46 Loaded file C:\ORCADWIN\LAYOUT\library\sheet05.llb
Sat Mar 23 09:20:46 Unable to find Alternate Footprint: SOG.050/14/WG.244/L.375
Sat Mar 23 09:20:46 Loaded file C:\ORCADWIN\LAYOUT\LIBRARY\TO.LLB
Sat Mar 23 09:20:46 Loaded file C:\ORCADWIN\LAYOUT\LIBRARY\SOJ.LLB
Sat Mar 23 09:20:46 Loaded file C:\ORCADWIN\LAYOUT\LIBRARY\DIP100T.LLB
Sat Mar 23 09:20:46 Loaded file C:\ORCADWIN\LAYOUT\LIBRARY\DIP100B.LLB
Sat Mar 23 09:20:46 Loaded file C:\ORCADWIN\LAYOUT\LIBRARY\DSUBT.LLB
Sat Mar 23 09:20:46 Loaded file C:\ORCADWIN\LAYOUT\LIBRARY\JUMPER.LLB
Sat Mar 23 09:20:46 Loaded file C:\ORCADWIN\LAYOUT\LIBRARY\SM.LLB
Sat Mar 23 09:20:46 Loaded file C:\ORCADWIN\LAYOUT\LIBRARY\TM_CAP_P.LLB
Sat Mar 23 09:20:46 Loaded file C:\ORCADWIN\LAYOUT\library\sheet05.llb
Sat Mar 23 09:20:46 Unable to find Alternate Footprint: SOG.050/14/WG.244/L.375
Sat Mar 23 09:20:46 Loaded file C:\ORCADWIN\LAYOUT\LIBRARY\TO.LLB
Sat Mar 23 09:20:46 Loaded file C:\ORCADWIN\LAYOUT\LIBRARY\SOJ.LLB
Sat Mar 23 09:20:46 Loaded file C:\ORCADWIN\LAYOUT\LIBRARY\DIP100T.LLB
Sat Mar 23 09:20:46 Loaded file C:\ORCADWIN\LAYOUT\LIBRARY\DIP100B.LLB
Sat Mar 23 09:20:46 Loaded file C:\ORCADWIN\LAYOUT\LIBRARY\DSUBT.LLB
Sat Mar 23 09:20:46 Loaded file C:\ORCADWIN\LAYOUT\LIBRARY\JUMPER.LLB
Sat Mar 23 09:20:46 Loaded file C:\ORCADWIN\LAYOUT\LIBRARY\SM.LLB
Sat Mar 23 09:20:46 Loaded file C:\ORCADWIN\LAYOUT\LIBRARY\TM_CAP_P.LLB
Sat Mar 23 09:20:46 Loaded file C:\ORCADWIN\LAYOUT\library\sheet05.llb
Sat Mar 23 09:20:46 Unable to find Alternate Footprint: SOG.050/14/WG.244/L.375
Sat Mar 23 09:20:46 Loaded file C:\ORCADWIN\LAYOUT\LIBRARY\TO.LLB
Sat Mar 23 09:20:46 Loaded file C:\ORCADWIN\LAYOUT\LIBRARY\SOJ.LLB
Sat Mar 23 09:20:46 Loaded file C:\ORCADWIN\LAYOUT\LIBRARY\DIP100T.LLB
Sat Mar 23 09:20:46 Loaded file C:\ORCADWIN\LAYOUT\LIBRARY\DIP100B.LLB
Sat Mar 23 09:20:46 Loaded file C:\ORCADWIN\LAYOUT\LIBRARY\DSUBT.LLB
Sat Mar 23 09:20:46 Loaded file C:\ORCADWIN\LAYOUT\LIBRARY\JUMPER.LLB
Sat Mar 23 09:20:46 Loaded file C:\ORCADWIN\LAYOUT\LIBRARY\SM.LLB
Sat Mar 23 09:20:46 Loaded file C:\ORCADWIN\LAYOUT\LIBRARY\TM_CAP_P.LLB
Sat Mar 23 09:20:46 Loaded file C:\ORCADWIN\LAYOUT\library\sheet05.llb
Sat Mar 23 09:20:46 Unable to find Alternate Footprint: SOG.050/14/WG.244/L.375
Sat Mar 23 09:20:46 Loaded file C:\ORCADWIN\LAYOUT\LIBRARY\TO.LLB
Sat Mar 23 09:20:46 Loaded file C:\ORCADWIN\LAYOUT\LIBRARY\SOJ.LLB
Sat Mar 23 09:20:46 Loaded file C:\ORCADWIN\LAYOUT\LIBRARY\DIP100T.LLB
Sat Mar 23 09:20:46 Loaded file C:\ORCADWIN\LAYOUT\LIBRARY\DIP100B.LLB
Sat Mar 23 09:20:46 Loaded file C:\ORCADWIN\LAYOUT\LIBRARY\DSUBT.LLB
Sat Mar 23 09:20:46 Loaded file C:\ORCADWIN\LAYOUT\LIBRARY\JUMPER.LLB
Sat Mar 23 09:20:46 Loaded file C:\ORCADWIN\LAYOUT\LIBRARY\SM.LLB
Sat Mar 23 09:20:46 Loaded file C:\ORCADWIN\LAYOUT\LIBRARY\TM_CAP_P.LLB
Sat Mar 23 09:20:46 Loaded file C:\ORCADWIN\LAYOUT\library\sheet05.llb
Sat Mar 23 09:20:46 Unable to find Alternate Footprint: SOG.050/14/WG.244/L.375
Sat Mar 23 09:20:46 Loaded file C:\ORCADWIN\LAYOUT\LIBRARY\TO.LLB
Sat Mar 23 09:20:46 Loaded file C:\ORCADWIN\LAYOUT\LIBRARY\SOJ.LLB
Sat Mar 23 09:20:46 Loaded file C:\ORCADWIN\LAYOUT\LIBRARY\DIP100T.LLB
Sat Mar 23 09:20:46 Loaded file C:\ORCADWIN\LAYOUT\LIBRARY\DIP100B.LLB
Sat Mar 23 09:20:46 Loaded file C:\ORCADWIN\LAYOUT\LIBRARY\DSUBT.LLB
Sat Mar 23 09:20:46 Loaded file C:\ORCADWIN\LAYOUT\LIBRARY\JUMPER.LLB
Sat Mar 23 09:20:46 Loaded file C:\ORCADWIN\LAYOUT\LIBRARY\SM.LLB
Sat Mar 23 09:20:46 Loaded file C:\ORCADWIN\LAYOUT\LIBRARY\TM_CAP_P.LLB
Sat Mar 23 09:20:46 Loaded file C:\ORCADWIN\LAYOUT\library\sheet05.llb
Sat Mar 23 09:20:46 Unable to find Alternate Footprint: SOG.050/14/WG.244/L.375
Sat Mar 23 09:20:46 Loaded file C:\ORCADWIN\LAYOUT\LIBRARY\TO.LLB
Sat Mar 23 09:20:46 Loaded file C:\ORCADWIN\LAYOUT\LIBRARY\SOJ.LLB
Sat Mar 23 09:20:46 Loaded file C:\ORCADWIN\LAYOUT\LIBRARY\DIP100T.LLB
Sat Mar 23 09:20:46 Loaded file C:\ORCADWIN\LAYOUT\LIBRARY\DIP100B.LLB
Sat Mar 23 09:20:46 Loaded file C:\ORCADWIN\LAYOUT\LIBRARY\DSUBT.LLB
Sat Mar 23 09:20:46 Loaded file C:\ORCADWIN\LAYOUT\LIBRARY\JUMPER.LLB
Sat Mar 23 09:20:46 Loaded file C:\ORCADWIN\LAYOUT\LIBRARY\SM.LLB
Sat Mar 23 09:20:46 Loaded file C:\ORCADWIN\LAYOUT\LIBRARY\TM_CAP_P.LLB
Sat Mar 23 09:20:46 Loaded file C:\ORCADWIN\LAYOUT\library\sheet05.llb
Sat Mar 23 09:20:46 Unable to find Alternate Footprint: SOG.050/14/WG.244/L.375
Sat Mar 23 09:20:46 Loaded file C:\ORCADWIN\LAYOUT\LIBRARY\TO.LLB
Sat Mar 23 09:20:46 Loaded file C:\ORCADWIN\LAYOUT\LIBRARY\SOJ.LLB
Sat Mar 23 09:20:46 Loaded file C:\ORCADWIN\LAYOUT\LIBRARY\DIP100T.LLB
Sat Mar 23 09:20:46 Loaded file C:\ORCADWIN\LAYOUT\LIBRARY\DIP100B.LLB
Sat Mar 23 09:20:46 Loaded file C:\ORCADWIN\LAYOUT\LIBRARY\DSUBT.LLB
Sat Mar 23 09:20:46 Loaded file C:\ORCADWIN\LAYOUT\LIBRARY\JUMPER.LLB
Sat Mar 23 09:20:46 Loaded file C:\ORCADWIN\LAYOUT\LIBRARY\SM.LLB
Sat Mar 23 09:20:46 Loaded file C:\ORCADWIN\LAYOUT\LIBRARY\TM_CAP_P.LLB
Sat Mar 23 09:20:46 Loaded file C:\ORCADWIN\LAYOUT\library\sheet05.llb
Sat Mar 23 09:20:46 Unable to find Alternate Footprint: SOG.050/14/WG.244/L.375
Sat Mar 23 09:20:46 Loaded file C:\ORCADWIN\LAYOUT\LIBRARY\TO.LLB
Sat Mar 23 09:20:46 Loaded file C:\ORCADWIN\LAYOUT\LIBRARY\SOJ.LLB
Sat Mar 23 09:20:46 Loaded file C:\ORCADWIN\LAYOUT\LIBRARY\DIP100T.LLB
Sat Mar 23 09:20:46 Loaded file C:\ORCADWIN\LAYOUT\LIBRARY\DIP100B.LLB
Sat Mar 23 09:20:46 Loaded file C:\ORCADWIN\LAYOUT\LIBRARY\DSUBT.LLB
Sat Mar 23 09:20:46 Loaded file C:\ORCADWIN\LAYOUT\LIBRARY\JUMPER.LLB
Sat Mar 23 09:20:46 Loaded file C:\ORCADWIN\LAYOUT\LIBRARY\SM.LLB
Sat Mar 23 09:20:46 Loaded file C:\ORCADWIN\LAYOUT\LIBRARY\TM_CAP_P.LLB
Sat Mar 23 09:20:46 Loaded file C:\ORCADWIN\LAYOUT\library\sheet05.llb
Sat Mar 23 09:20:46 Unable to find Alternate Footprint: SOG.050/14/WG.244/L.375
Sat Mar 23 09:20:46 Loaded file C:\ORCADWIN\LAYOUT\LIBRARY\TO.LLB
Sat Mar 23 09:20:46 Loaded file C:\ORCADWIN\LAYOUT\LIBRARY\SOJ.LLB
Sat Mar 23 09:20:46 Loaded file C:\ORCADWIN\LAYOUT\LIBRARY\DIP100T.LLB
Sat Mar 23 09:20:46 Loaded file C:\ORCADWIN\LAYOUT\LIBRARY\DIP100B.LLB
Sat Mar 23 09:20:46 Loaded file C:\ORCADWIN\LAYOUT\LIBRARY\DSUBT.LLB
Sat Mar 23 09:20:46 Loaded file C:\ORCADWIN\LAYOUT\LIBRARY\JUMPER.LLB
Sat Mar 23 09:20:46 Loaded file C:\ORCADWIN\LAYOUT\LIBRARY\SM.LLB
Sat Mar 23 09:20:46 Loaded file C:\ORCADWIN\LAYOUT\LIBRARY\TM_CAP_P.LLB
Sat Mar 23 09:20:46 Loaded file C:\ORCADWIN\LAYOUT\library\sheet05.llb
Sat Mar 23 09:20:46 Unable to find Alternate Footprint: SOG.050/14/WG.244/L.375
Sat Mar 23 09:20:46 Loaded file C:\ORCADWIN\LAYOUT\LIBRARY\TO.LLB
Sat Mar 23 09:20:46 Loaded file C:\ORCADWIN\LAYOUT\LIBRARY\SOJ.LLB
Sat Mar 23 09:20:46 Loaded file C:\ORCADWIN\LAYOUT\LIBRARY\DIP100T.LLB
Sat Mar 23 09:20:46 Loaded file C:\ORCADWIN\LAYOUT\LIBRARY\DIP100B.LLB
Sat Mar 23 09:20:46 Loaded file C:\ORCADWIN\LAYOUT\LIBRARY\DSUBT.LLB
Sat Mar 23 09:20:46 Loaded file C:\ORCADWIN\LAYOUT\LIBRARY\JUMPER.LLB
Sat Mar 23 09:20:46 Loaded file C:\ORCADWIN\LAYOUT\LIBRARY\SM.LLB
Sat Mar 23 09:20:46 Loaded file C:\ORCADWIN\LAYOUT\LIBRARY\TM_CAP_P.LLB
Sat Mar 23 09:20:46 Loaded file C:\ORCADWIN\LAYOUT\library\sheet05.llb
Sat Mar 23 09:20:46 Unable to find Alternate Footprint: SOG.050/14/WG.244/L.375
Sat Mar 23 09:20:46 Loaded file C:\ORCADWIN\LAYOUT\LIBRARY\TO.LLB
Sat Mar 23 09:20:46 Loaded file C:\ORCADWIN\LAYOUT\LIBRARY\SOJ.LLB
Sat Mar 23 09:20:46 Loaded file C:\ORCADWIN\LAYOUT\LIBRARY\DIP100T.LLB
Sat Mar 23 09:20:46 Loaded file C:\ORCADWIN\LAYOUT\LIBRARY\DIP100B.LLB
Sat Mar 23 09:20:46 Loaded file C:\ORCADWIN\LAYOUT\LIBRARY\DSUBT.LLB
Sat Mar 23 09:20:46 Loaded file C:\ORCADWIN\LAYOUT\LIBRARY\JUMPER.LLB
Sat Mar 23 09:20:46 Loaded file C:\ORCADWIN\LAYOUT\LIBRARY\SM.LLB
Sat Mar 23 09:20:46 Loaded file C:\ORCADWIN\LAYOUT\LIBRARY\TM_CAP_P.LLB
Sat Mar 23 09:20:46 Loaded file C:\ORCADWIN\LAYOUT\library\sheet05.llb
Sat Mar 23 09:20:46 Unable to find Alternate Footprint: SOG.050/14/WG.244/L.375
Sat Mar 23 09:20:46 Loaded file C:\ORCADWIN\LAYOUT\LIBRARY\TO.LLB
Sat Mar 23 09:20:46 Loaded file C:\ORCADWIN\LAYOUT\LIBRARY\SOJ.LLB
Sat Mar 23 09:20:46 Loaded file C:\ORCADWIN\LAYOUT\LIBRARY\DIP100T.LLB
Sat Mar 23 09:20:46 Loaded file C:\ORCADWIN\LAYOUT\LIBRARY\DIP100B.LLB
Sat Mar 23 09:20:46 Loaded file C:\ORCADWIN\LAYOUT\LIBRARY\DSUBT.LLB
Sat Mar 23 09:20:46 Loaded file C:\ORCADWIN\LAYOUT\LIBRARY\JUMPER.LLB
Sat Mar 23 09:20:46 Loaded file C:\ORCADWIN\LAYOUT\LIBRARY\SM.LLB
Sat Mar 23 09:20:46 Loaded file C:\ORCADWIN\LAYOUT\LIBRARY\TM_CAP_P.LLB
Sat Mar 23 09:20:46 Loaded file C:\ORCADWIN\LAYOUT\library\sheet05.llb
Sat Mar 23 09:20:46 Unable to find Alternate Footprint: SOG.050/14/WG.244/L.375
Sat Mar 23 09:20:46 Loaded file C:\ORCADWIN\LAYOUT\LIBRARY\TO.LLB
Sat Mar 23 09:20:46 Loaded file C:\ORCADWIN\LAYOUT\LIBRARY\SOJ.LLB
Sat Mar 23 09:20:46 Loaded file C:\ORCADWIN\LAYOUT\LIBRARY\DIP100T.LLB
Sat Mar 23 09:20:46 Loaded file C:\ORCADWIN\LAYOUT\LIBRARY\DIP100B.LLB
Sat Mar 23 09:20:46 Loaded file C:\ORCADWIN\LAYOUT\LIBRARY\DSUBT.LLB
Sat Mar 23 09:20:46 Loaded file C:\ORCADWIN\LAYOUT\LIBRARY\JUMPER.LLB
Sat Mar 23 09:20:46 Loaded file C:\ORCADWIN\LAYOUT\LIBRARY\SM.LLB
Sat Mar 23 09:20:46 Loaded file C:\ORCADWIN\LAYOUT\LIBRARY\TM_CAP_P.LLB
Sat Mar 23 09:20:46 Loaded file C:\ORCADWIN\LAYOUT\library\sheet05.llb
Sat Mar 23 09:20:46 Unable to find Alternate Footprint: SOG.050/14/WG.244/L.375
Sat Mar 23 09:20:46 Loaded file C:\ORCADWIN\LAYOUT\LIBRARY\TO.LLB
Sat Mar 23 09:20:46 Loaded file C:\ORCADWIN\LAYOUT\LIBRARY\SOJ.LLB
Sat Mar 23 09:20:46 Loaded file C:\ORCADWIN\LAYOUT\LIBRARY\DIP100T.LLB
Sat Mar 23 09:20:46 Loaded file C:\ORCADWIN\LAYOUT\LIBRARY\DIP100B.LLB
Sat Mar 23 09:20:46 Loaded file C:\ORCADWIN\LAYOUT\LIBRARY\DSUBT.LLB
Sat Mar 23 09:20:46 Loaded file C:\ORCADWIN\LAYOUT\LIBRARY\JUMPER.LLB
Sat Mar 23 09:20:46 Loaded file C:\ORCADWIN\LAYOUT\LIBRARY\SM.LLB
Sat Mar 23 09:20:46 Loaded file C:\ORCADWIN\LAYOUT\LIBRARY\TM_CAP_P.LLB
Sat Mar 23 09:20:46 Loaded file C:\ORCADWIN\LAYOUT\library\sheet05.llb
Sat Mar 23 09:20:46 Unable to find Alternate Footprint: SOG.050/14/WG.244/L.375
Sat Mar 23 09:20:46 Loaded file C:\ORCADWIN\LAYOUT\LIBRARY\TO.LLB
Sat Mar 23 09:20:46 Loaded file C:\ORCADWIN\LAYOUT\LIBRARY\SOJ.LLB
Sat Mar 23 09:20:46 Loaded file C:\ORCADWIN\LAYOUT\LIBRARY\DIP100T.LLB
Sat Mar 23 09:20:46 Loaded file C:\ORCADWIN\LAYOUT\LIBRARY\DIP100B.LLB
Sat Mar 23 09:20:46 Loaded file C:\ORCADWIN\LAYOUT\LIBRARY\DSUBT.LLB
Sat Mar 23 09:20:46 Loaded file C:\ORCADWIN\LAYOUT\LIBRARY\JUMPER.LLB
Sat Mar 23 09:20:46 Loaded file C:\ORCADWIN\LAYOUT\LIBRARY\SM.LLB
Sat Mar 23 09:20:46 Loaded file C:\ORCADWIN\LAYOUT\LIBRARY\TM_CAP_P.LLB
Sat Mar 23 09:20:46 Loaded file C:\ORCADWIN\LAYOUT\library\sheet05.llb
Sat Mar 23 09:20:46 Unable to find Alternate Footprint: SOG.050/14/WG.244/L.375
Sat Mar 23 09:20:46 Loaded file C:\ORCADWIN\LAYOUT\LIBRARY\TO.LLB
Sat Mar 23 09:20:46 Loaded file C:\ORCADWIN\LAYOUT\LIBRARY\SOJ.LLB
Sat Mar 23 09:20:46 Loaded file C:\ORCADWIN\LAYOUT\LIBRARY\DIP100T.LLB
Sat Mar 23 09:20:46 Loaded file C:\ORCADWIN\LAYOUT\LIBRARY\DIP100B.LLB
Sat Mar 23 09:20:46 Loaded file C:\ORCADWIN\LAYOUT\LIBRARY\DSUBT.LLB
Sat Mar 23 09:20:46 Loaded file C:\ORCADWIN\LAYOUT\LIBRARY\JUMPER.LLB
Sat Mar 23 09:20:46 Loaded file C:\ORCADWIN\LAYOUT\LIBRARY\SM.LLB
Sat Mar 23 09:20:46 Loaded file C:\ORCADWIN\LAYOUT\LIBRARY\TM_CAP_P.LLB
Sat Mar 23 09:20:46 Loaded file C:\ORCADWIN\LAYOUT\library\sheet05.llb
Sat Mar 23 09:20:46 Unable to find Alternate Footprint: SOG.050/14/WG.244/L.375
Sat Mar 23 09:20:46 Loaded file C:\ORCADWIN\LAYOUT\LIBRARY\TO.LLB
Sat Mar 23 09:20:46 Loaded file C:\ORCADWIN\LAYOUT\LIBRARY\SOJ.LLB
Sat Mar 23 09:20:46 Loaded file C:\ORCADWIN\LAYOUT\LIBRARY\DIP100T.LLB
Sat Mar 23 09:20:46 Loaded file C:\ORCADWIN\LAYOUT\LIBRARY\DIP100B.LLB
Sat Mar 23 09:20:46 Loaded file C:\ORCADWIN\LAYOUT\LIBRARY\DSUBT.LLB
Sat Mar 23 09:20:46 Loaded file C:\ORCADWIN\LAYOUT\LIBRARY\JUMPER.LLB
Sat Mar 23 09:20:46 Loaded file C:\ORCADWIN\LAYOUT\LIBRARY\SM.LLB
Sat Mar 23 09:20:46 Loaded file C:\ORCADWIN\LAYOUT\LIBRARY\TM_CAP_P.LLB
Sat Mar 23 09:20:46 Loaded file C:\ORCADWIN\LAYOUT\library\sheet05.llb
Sat Mar 23 09:20:46 Unable to find Alternate Footprint: SOG.050/14/WG.244/L.375
Sat Mar 23 09:20:46 Loaded file C:\ORCADWIN\LAYOUT\LIBRARY\TO.LLB
Sat Mar 23 09:20:46 Loaded file C:\ORCADWIN\LAYOUT\LIBRARY\SOJ.LLB
Sat Mar 23 09:20:46 Loaded file C:\ORCADWIN\LAYOUT\LIBRARY\DIP100T.LLB
Sat Mar 23 09:20:46 Loaded file C:\ORCADWIN\LAYOUT\LIBRARY\DIP100B.LLB
Sat Mar 23 09:20:46 Loaded file C:\ORCADWIN\LAYOUT\LIBRARY\DSUBT.LLB
Sat Mar 23 09:20:46 Loaded file C:\ORCADWIN\LAYOUT\LIBRARY\JUMPER.LLB
Sat Mar 23 09:20:46 Loaded file C:\ORCADWIN\LAYOUT\LIBRARY\SM.LLB
Sat Mar 23 09:20:46 Loaded file C:\ORCADWIN\LAYOUT\LIBRARY\TM_CAP_P.LLB
Sat Mar 23 09:20:46 Loaded file C:\ORCADWIN\LAYOUT\library\sheet05.llb
Sat Mar 23 09:20:46 Unable to find Alternate Footprint: SOG.050/14/WG.244/L.375
Sat Mar 23 09:20:46 Loaded file C:\ORCADWIN\LAYOUT\LIBRARY\TO.LLB
Sat Mar 23 09:20:46 Loaded file C:\ORCADWIN\LAYOUT\LIBRARY\SOJ.LLB
Sat Mar 23 09:20:46 Loaded file C:\ORCADWIN\LAYOUT\LIBRARY\DIP100T.LLB
Sat Mar 23 09:20:46 Loaded file C:\ORCADWIN\LAYOUT\LIBRARY\DIP100B.LLB
Sat Mar 23 09:20:46 Loaded file C:\ORCADWIN\LAYOUT\LIBRARY\DSUBT.LLB
Sat Mar 23 09:20:46 Loaded file C:\ORCADWIN\LAYOUT\LIBRARY\JUMPER.LLB
Sat Mar 23 09:20:46 Loaded file C:\ORCADWIN\LAYOUT\LIBRARY\SM.LLB
Sat Mar 23 09:20:46 Loaded file C:\ORCADWIN\LAYOUT\LIBRARY\TM_CAP_P.LLB
Sat Mar 23 09:20:46 Loaded file C:\ORCADWIN\LAYOUT\library\sheet05.llb
Sat Mar 23 09:20:46 Unable to find Alternate Footprint: SOG.050/14/WG.244/L.375
Sat Mar 23 09:20:46 Loaded file C:\ORCADWIN\LAYOUT\LIBRARY\TO.LLB
Sat Mar 23 09:20:46 Loaded file C:\ORCADWIN\LAYOUT\LIBRARY\SOJ.LLB
Sat Mar 23 09:20:46 Loaded file C:\ORCADWIN\LAYOUT\LIBRARY\DIP100T.LLB
Sat Mar 23 09:20:46 Loaded file C:\ORCADWIN\LAYOUT\LIBRARY\DIP100B.LLB
Sat Mar 23 09:20:46 Loaded file C:\ORCADWIN\LAYOUT\LIBRARY\DSUBT.LLB
Sat Mar 23 09:20:46 Loaded file C:\ORCADWIN\LAYOUT\LIBRARY\JUMPER.LLB
Sat Mar 23 09:20:46 Loaded file C:\ORCADWIN\LAYOUT\LIBRARY\SM.LLB
Sat Mar 23 09:20:46 Loaded file C:\ORCADWIN\LAYOUT\LIBRARY\TM_CAP_P.LLB
Sat Mar 23 09:20:46 Loaded file C:\ORCADWIN\LAYOUT\library\sheet05.llb
Sat Mar 23 09:20:46 Unable to find Alternate Footprint: SOG.050/14/WG.244/L.375
Sat Mar 23 09:20:46 Loaded file C:\ORCADWIN\LAYOUT\LIBRARY\TO.LLB
Sat Mar 23 09:20:46 Loaded file C:\ORCADWIN\LAYOUT\LIBRARY\SOJ.LLB
Sat Mar 23 09:20:46 Loaded file C:\ORCADWIN\LAYOUT\LIBRARY\DIP100T.LLB
Sat Mar 23 09:20:46 Loaded file C:\ORCADWIN\LAYOUT\LIBRARY\DIP100B.LLB
Sat Mar 23 09:20:46 Loaded file C:\ORCADWIN\LAYOUT\LIBRARY\DSUBT.LLB
Sat Mar 23 09:20:46 Loaded file C:\ORCADWIN\LAYOUT\LIBRARY\JUMPER.LLB
Sat Mar 23 09:20:46 Loaded file C:\ORCADWIN\LAYOUT\LIBRARY\SM.LLB
Sat Mar 23 09:20:46 Loaded file C:\ORCADWIN\LAYOUT\LIBRARY\TM_CAP_P.LLB
Sat Mar 23 09:20:46 Loaded file C:\ORCADWIN\LAYOUT\library\sheet05.llb
Sat Mar 23 09:20:46 Unable to find Alternate Footprint: SOG.050/14/WG.244/L.375
Sat Mar 23 09:20:46 Loaded file C:\ORCADWIN\LAYOUT\LIBRARY\TO.LLB
Sat Mar 23 09:20:46 Loaded file C:\ORCADWIN\LAYOUT\LIBRARY\SOJ.LLB
Sat Mar 23 09:20:46 Loaded file C:\ORCADWIN\LAYOUT\LIBRARY\DIP100T.LLB
Sat Mar 23 09:20:46 Loaded file C:\ORCADWIN\LAYOUT\LIBRARY\DIP100B.LLB
Sat Mar 23 09:20:46 Loaded file C:\ORCADWIN\LAYOUT\LIBRARY\DSUBT.LLB
Sat Mar 23 09:20:46 Loaded file C:\ORCADWIN\LAYOUT\LIBRARY\JUMPER.LLB
Sat Mar 23 09:20:46 Loaded file C:\ORCADWIN\LAYOUT\LIBRARY\SM.LLB
Sat Mar 23 09:20:46 Loaded file C:\ORCADWIN\LAYOUT\LIBRARY\TM_CAP_P.LLB
Sat Mar 23 09:20:46 Loaded file C:\ORCADWIN\LAYOUT\library\sheet05.llb
Sat Mar 23 09:20:46 Unable to find Alternate Footprint: SOG.050/14/WG.244/L.375
Sat Mar 23 09:20:46 Loaded file C:\ORCADWIN\LAYOUT\LIBRARY\TO.LLB
Sat Mar 23 09:20:46 Loaded file C:\ORCADWIN\LAYOUT\LIBRARY\SOJ.LLB
Sat Mar 23 09:20:46 Loaded file C:\ORCADWIN\LAYOUT\LIBRARY\DIP100T.LLB
Sat Mar 23 09:20:46 Loaded file C:\ORCADWIN\LAYOUT\LIBRARY\DIP100B.LLB
Sat Mar 23 09:20:46 Loaded file C:\ORCADWIN\LAYOUT\LIBRARY\DSUBT.LLB
Sat Mar 23 09:20:46 Loaded file C:\ORCADWIN\LAYOUT\LIBRARY\JUMPER.LLB
Sat Mar 23 09:20:46 Loaded file C:\ORCADWIN\LAYOUT\LIBRARY\SM.LLB
Sat Mar 23 09:20:46 Loaded file C:\ORCADWIN\LAYOUT\LIBRARY\TM_CAP_P.LLB
Sat Mar 23 09:20:46 Loaded file C:\ORCADWIN\LAYOUT\library\sheet05.llb
Sat Mar 23 09:20:46 Unable to find Alternate Footprint: SOG.050/14/WG.244/L.375
Sat Mar 23 09:20:46 Loaded file C:\ORCADWIN\LAYOUT\LIBRARY\TO.LLB
Sat Mar 23 09:20:46 Loaded file C:\ORCADWIN\LAYOUT\LIBRARY\SOJ.LLB
Sat Mar 23 09:20:46 Loaded file C:\ORCADWIN\LAYOUT\LIBRARY\DIP100T.LLB
Sat Mar 23 09:20:46 Loaded file C:\ORCADWIN\LAYOUT\LIBRARY\DIP100B.LLB
Sat Mar 23 09:20:46 Loaded file C:\ORCADWIN\LAYOUT\LIBRARY\DSUBT.LLB
Sat Mar 23 09:20:46 Loaded file C:\ORCADWIN\LAYOUT\LIBRARY\JUMPER.LLB
Sat Mar 23 09:20:46 Loaded file C:\ORCADWIN\LAYOUT\LIBRARY\SM.LLB
Sat Mar 23 09:20:46 Loaded file C:\ORCADWIN\LAYOUT\LIBRARY\TM_CAP_P.LLB
Sat Mar 23 09:20:46 Loaded file C:\ORCADWIN\LAYOUT\library\sheet05.llb
Sat Mar 23 09:20:46 Unable to find Alternate Footprint: SOG.050/14/WG.244/L.375
Sat Mar 23 09:20:46 Loaded file C:\ORCADWIN\LAYOUT\LIBRARY\TO.LLB
Sat Mar 23 09:20:46 Loaded file C:\ORCADWIN\LAYOUT\LIBRARY\SOJ.LLB
Sat Mar 23 09:20:46 Loaded file C:\ORCADWIN\LAYOUT\LIBRARY\DIP100T.LLB
Sat Mar 23 09:20:46 Loaded file C:\ORCADWIN\LAYOUT\LIBRARY\DIP100B.LLB
Sat Mar 23 09:20:46 Loaded file C:\ORCADWIN\LAYOUT\LIBRARY\DSUBT.LLB
Sat Mar 23 09:20:46 Loaded file C:\ORCADWIN\LAYOUT\LIBRARY\JUMPER.LLB
Sat Mar 23 09:20:46 Loaded file C:\ORCADWIN\LAYOUT\LIBRARY\SM.LLB
Sat Mar 23 09:20:46 Loaded file C:\ORCADWIN\LAYOUT\LIBRARY\TM_CAP_P.LLB
Sat Mar 23 09:20:46 Loaded file C:\ORCADWIN\LAYOUT\library\sheet05.llb
Sat Mar 23 09:20:46 Unable to find Alternate Footprint: SOG.050/14/WG.244/L.375
Sat Mar 23 09:20:46 Loaded file C:\ORCADWIN\LAYOUT\LIBRARY\TO.LLB
Sat Mar 23 09:20:46 Loaded file C:\ORCADWIN\LAYOUT\LIBRARY\SOJ.LLB
Sat Mar 23 09:20:46 Loaded file C:\ORCADWIN\LAYOUT\LIBRARY\DIP100T.LLB
Sat Mar 23 09:20:46 Loaded file C:\ORCADWIN\LAYOUT\LIBRARY\DIP100B.LLB
Sat Mar 23 09:20:46 Loaded file C:\ORCADWIN\LAYOUT\LIBRARY\DSUBT.LLB
Sat Mar 23 09:20:46 Loaded file C:\ORCADWIN\LAYOUT\LIBRARY\JUMPER.LLB
Sat Mar 23 09:20:46 Loaded file C:\ORCADWIN\LAYOUT\LIBRARY\SM.LLB
Sat Mar 23 09:20:46 Loaded file C:\ORCADWIN\LAYOUT\LIBRARY\TM_CAP_P.LLB
Sat Mar 23 09:20:46 Loaded file C:\ORCADWIN\LAYOUT\library\sheet05.llb
Sat Mar 23 09:20:46 Unable to find Alternate Footprint: SOG.050/14/WG.244/L.375
Sat Mar 23 09:20:46 Loaded file C:\ORCADWIN\LAYOUT\LIBRARY\TO.LLB
Sat Mar 23 09:20:46 Loaded file C:\ORCADWIN\LAYOUT\LIBRARY\SOJ.LLB
Sat Mar 23 09:20:46 Loaded file C:\ORCADWIN\LAYOUT\LIBRARY\DIP100T.LLB
Sat Mar 23 09:20:46 Loaded file C:\ORCADWIN\LAYOUT\LIBRARY\DIP100B.LLB
Sat Mar 23 09:20:46 Loaded file C:\ORCADWIN\LAYOUT\LIBRARY\DSUBT.LLB
Sat Mar 23 09:20:46 Loaded file C:\ORCADWIN\LAYOUT\LIBRARY\JUMPER.LLB
Sat Mar 23 09:20:46 Loaded file C:\ORCADWIN\LAYOUT\LIBRARY\SM.LLB
Sat Mar 23 09:20:46 Loaded file C:\ORCADWIN\LAYOUT\LIBRARY\TM_CAP_P.LLB
Sat Mar 23 09:20:46 Loaded file C:\ORCADWIN\LAYOUT\library\sheet05.llb
Sat Mar 23 09:20:46 Unable to find Alternate Footprint: SOG.050/14/WG.244/L.375
Sat Mar 23 09:20:46 Saved as file C:\DOCUMENTS AND SETTINGS\TASOS\MY DOCUMENTS\LAB3_NEW\DESIGN1.MAX
Sat Mar 23 09:20:46 Loaded file C:\DOCUMENTS AND SETTINGS\TASOS\MY DOCUMENTS\LAB3_NEW\DESIGN1.MAX
Sat Mar 23 09:24:18 Saved as file PLACE1.MAX
Sat Mar 23 09:24:18 Saved as file PLACE2.MAX
Sat Mar 23 09:24:18 Saved as file PLACE3.MAX
Sat Mar 23 09:24:18 Batch place completed in 00:00:00
Sat Mar 23 09:24:44 Saved as file BACKUP1.MAX
Sat Mar 23 09:24:44 Saved as file BACKUP1.MAX
Sat Mar 23 09:24:44 Saved as file BACKUP1.MAX
Sat Mar 23 09:24:44 Saved as file BACKUP1.MAX
Sat Mar 23 09:24:44 Saved as file BACKUP1.MAX
Sat Mar 23 09:24:44 Saved as file BACKUP1.MAX
Sat Mar 23 09:24:44 Routed 55 connections in 0 seconds.
Sat Mar 23 09:24:44 Total is now 55 out of 164 (33%).
Sat Mar 23 09:24:44 Saved as file SWEEP1.MAX
Sat Mar 23 09:24:45 Saved as file BACKUP1.MAX
Sat Mar 23 09:24:45 Saved as file BACKUP1.MAX
Sat Mar 23 09:24:45 Saved as file BACKUP1.MAX
Sat Mar 23 09:24:45 Saved as file BACKUP1.MAX
Sat Mar 23 09:24:45 Saved as file BACKUP1.MAX
Sat Mar 23 09:24:46 Saved as file BACKUP1.MAX
Sat Mar 23 09:24:46 Routed 126 connections in 1 seconds.
Sat Mar 23 09:24:46 Total is now 164 out of 164 (100%).
Sat Mar 23 09:24:46 Saved as file SWEEP2.MAX
Sat Mar 23 09:24:46 No new connections routed.
Sat Mar 23 09:24:46 Total is now 164 out of 164 (100%).
Sat Mar 23 09:24:46 Saved as file SWEEP3.MAX
Sat Mar 23 09:24:46 No new connections routed.
Sat Mar 23 09:24:46 Total is now 164 out of 164 (100%).
Sat Mar 23 09:24:46 Saved as file SWEEP4.MAX
Sat Mar 23 09:24:46 No new connections routed.
Sat Mar 23 09:24:46 Total is now 164 out of 164 (100%).
Sat Mar 23 09:24:46 Saved as file SWEEP5.MAX
Sat Mar 23 09:41:59 Saved as file C:\DOCUMENTS AND SETTINGS\TASOS\MY DOCUMENTS\LAB3_NEW\DESIGN1.MAX
